*----------------------------------------------------------------------------------------
*	Innovus 17.11-s080_1 (64bit) 08/04/2017 11:13 (Linux 2.6.18-194.el5)
*	
*
* 	Date & Time:	2021-Nov-21 13:53:56 (2021-Nov-21 12:53:56 GMT)
*
*----------------------------------------------------------------------------------------
*
*	Design: IIRfilter
*
*	Liberty Libraries used: 
*	        MyAnView: /software/dk/nangate45/liberty/NangateOpenCellLibrary_typical_ecsm_nowlm.lib
*
*	Power Domain used: 
*		Rail:        VDD 	Voltage:        1.1 
*
*       Power View : MyAnView
*
*       User-Defined Activity : N.A.
*
*	Switching Activity File used: 
*	        ../vcd_innovus/design.vcd
*			Vcd Window used(Start Time, Stop Time):(8.65994e-18, 8.65995e-18) 
*                     Vcd Scale Factor: 1 
**                    Design annotation coverage: 593/593 = 100% 
*
*       Hierarchical Global Activity: N.A.
*
*       Global Activity: N.A.
*
*       Sequential Element Activity: N.A.
*
*       Primary Input Activity: 0.200000
*
*       Default icg ratio: N.A.
*
*       Global Comb ClockGate Ratio: N.A.
*
*	Power Units = 1mW
*
*	Time Units = 1e-09 secs 
*
*       Temperature = 25 
*
*       report_power -outfile .//IIRfilter.rpt -rail_analysis_format VS
*
-----------------------------------------------------------------------------------------
Cell                            Internal   Switching       Total     Leakage   Cell
                                   Power       Power       Power       Power   Name
--------------------------------------------------------------------------------------
mult_31_U3                      0.006392    0.003564     0.01004   7.973e-05  FA_X1
mult_31_U6                      0.005354    0.003698    0.009123   7.149e-05  FA_X1
mult_31_U5                      0.005324     0.00372    0.009109   6.525e-05  FA_X1
mult_31_U4                      0.005263    0.003407    0.008746    7.52e-05  FA_X1
mult_31_U7                       0.00477    0.003449    0.008296   7.718e-05  FA_X1
add_32_U1_2                      0.00525    0.002152    0.007477   7.475e-05  FA_X1
add_32_U1_3                     0.005314    0.002059    0.007448   7.509e-05  FA_X1
mult_31_U30                     0.004184    0.002867     0.00712    6.95e-05  FA_X1
sub_28_U2_7                     0.002585    0.004457    0.007117   7.518e-05  FA_X1
mult_31_U16                     0.004441    0.002507    0.007019   7.088e-05  FA_X1
add_32_U1_4                     0.004948    0.001904    0.006927   7.509e-05  FA_X1
mult_31_U22                     0.004159    0.002513     0.00674   6.849e-05  FA_X1
add_32_U1_5                     0.004761    0.001852    0.006687   7.509e-05  FA_X1
mult_31_U21                     0.003809    0.002677    0.006558   7.235e-05  FA_X1
mult_31_U24                     0.003744    0.002591    0.006398   6.329e-05  FA_X1
mult_31_U25                     0.003734    0.002548    0.006349   6.642e-05  FA_X1
mult_31_U26                     0.003796    0.002355    0.006235   8.435e-05  FA_X1
add_32_U1_6                     0.004784    0.001199    0.006058   7.509e-05  FA_X1
mult_31_U34                     0.003354    0.002438    0.005867   7.555e-05  FA_X1
mult_31_U28                     0.003344    0.002444    0.005852   6.346e-05  FA_X1
mult_31_U20                     0.003578    0.002203    0.005845   6.346e-05  FA_X1
add_32_U1_1                     0.004171    0.001559    0.005804   7.292e-05  FA_X1
mult_31_U17                     0.003538    0.002108    0.005717   7.189e-05  FA_X1
mult_31_U19                     0.003593    0.001843     0.00552   8.381e-05  FA_X1
mult_31_U8                      0.002962    0.002224    0.005257   7.075e-05  FA_X1
mult_31_U36                     0.003085    0.002085    0.005254   8.463e-05  FA_X1
sub_28_U2_6                     0.002386    0.002682    0.005143   7.518e-05  FA_X1
mult_31_U146                    0.003112    0.001519    0.004666   3.573e-05  XNOR2_X1
mult_31_U43                     0.002899    0.001603    0.004572   7.033e-05  FA_X1
mult_31_U37                     0.002724    0.001783    0.004569   6.141e-05  FA_X1
sub_28_U2_4                     0.002206     0.00219    0.004471   7.518e-05  FA_X1
mult_31_U32                     0.002515    0.001747    0.004351   8.836e-05  FA_X1
mult_31_U18                      0.00248    0.001708    0.004269   8.102e-05  FA_X1
mult_31_U145                    0.002748    0.001481    0.004265    3.58e-05  XOR2_X1
mult_31_U141                    0.001543    0.002579     0.00417   4.753e-05  XOR2_X1
mult_31_U42                     0.002738     0.00126    0.004064   6.636e-05  FA_X1
mult_31_U39                       0.0026    0.001394    0.004058   6.342e-05  FA_X1
sub_28_U2_5                     0.002005    0.001924    0.004004   7.518e-05  FA_X1
sub_28_U2_2                     0.001547    0.002133    0.003756   7.633e-05  FA_X1
U37                             0.002656   0.0009606    0.003641   2.398e-05  OAI21_X1
mult_31_U128                   0.0004093    0.003129    0.003552   1.425e-05  INV_X1
sub_28_U2_3                     0.001628    0.001791    0.003494   7.533e-05  FA_X1
mult_31_U130                   0.0004658    0.002943    0.003423   1.425e-05  INV_X1
sub_28_U2_1                     0.001601    0.001598    0.003276   7.671e-05  FA_X1
mult_31_U127                   0.0003759    0.002879    0.003269   1.425e-05  INV_X1
mult_31_U31                     0.001976    0.001052    0.003086   5.793e-05  FA_X1
mult_31_U129                   0.0003413    0.002518    0.002874   1.441e-05  INV_X1
U35                             0.002099   0.0007439    0.002867   2.398e-05  OAI21_X1
mult_33_U4                      0.001928   0.0008373    0.002841   7.662e-05  FA_X1
mult_33_U3                      0.002014   0.0007464    0.002836   7.484e-05  FA_X1
U39                             0.002015   0.0007697    0.002808   2.396e-05  OAI21_X1
U41                             0.002062   0.0007047     0.00279   2.398e-05  OAI21_X1
U47                             0.001939   0.0007745    0.002739    2.56e-05  OAI21_X1
mult_31_U132                   0.0003143    0.002395    0.002722   1.343e-05  INV_X1
U38                             0.001364    0.001282    0.002677   3.071e-05  NAND2_X1
add_32_U1                       0.001926   0.0006563    0.002618    3.59e-05  XOR2_X1
mult_31_U29                     0.001524   0.0009488     0.00253   5.759e-05  FA_X1
mult_31_U27                     0.001404   0.0009947    0.002487   8.828e-05  FA_X1
U45                             0.001757   0.0006665    0.002455   3.131e-05  OAI21_X1
mult_31_U48                      0.00121    0.001085    0.002353   5.794e-05  HA_X1
mult_33_U5                        0.0016   0.0006099    0.002284   7.454e-05  FA_X1
mult_31_U51                     0.001425   0.0007247    0.002195   4.567e-05  HA_X1
DOUT_reg_1_                      0.00181   0.0002479    0.002146   8.809e-05  DFFR_X1
DOUT_reg_2_                     0.001782   0.0002614    0.002132   8.819e-05  DFFR_X1
U36                             0.001078    0.001014    0.002123   3.071e-05  NAND2_X1
U48                             0.001002    0.001055    0.002087   3.022e-05  NAND2_X1
w_reg_out_reg_2_                0.001399   0.0005813    0.002068    8.83e-05  DFFR_X1
U42                             0.001059   0.0009696    0.002059   3.071e-05  NAND2_X1
sub_28_U2                      0.0003614    0.001674    0.002049    1.43e-05  INV_X1
mult_31_U147                   0.0008027    0.001225    0.002048   2.026e-05  NAND2_X1
U40                             0.001033   0.0009835    0.002047   3.071e-05  NAND2_X1
mult_31_U45                     0.001401   0.0005864    0.002044   5.733e-05  HA_X1
U43                             0.001449   0.0005657    0.002038   2.344e-05  OAI21_X1
U50                             0.001364   0.0006113    0.002009   3.397e-05  AOI22_X1
w_reg_out_reg_4_                0.001574   0.0003245    0.001987   8.821e-05  DFFR_X1
mult_31_U47                     0.001121    0.000775    0.001951   5.414e-05  FA_X1
mult_33_U30                      0.00112    0.000741    0.001943   8.196e-05  FA_X1
DOUT_reg_0_                     0.001534   0.0002714    0.001894    8.83e-05  DFFR_X1
U46                            0.0009315   0.0009109    0.001871   2.864e-05  NAND2_X1
w_reg_out_reg_3_                0.001481    0.000301    0.001871   8.822e-05  DFFR_X1
mult_33_U6                      0.001243   0.0005508     0.00187   7.648e-05  FA_X1
U52                             0.001286   0.0005479    0.001868   3.397e-05  AOI22_X1
mult_31_U166                    0.001125   0.0006371    0.001799   3.706e-05  XNOR2_X1
mult_31_U201                    0.000691    0.001078    0.001787   1.822e-05  NOR2_X1
mult_31_U44                    0.0009695   0.0007332    0.001762    5.95e-05  FA_X1
w_reg_out_reg_5_                 0.00144   0.0002334    0.001762   8.821e-05  DFFR_X1
mult_33_U7                      0.001203     0.00048    0.001749   6.659e-05  FA_X1
mult_31_U182                   0.0008076   0.0009184    0.001746   2.026e-05  NAND2_X1
mult_31_U197                   0.0008078   0.0009081    0.001736   2.026e-05  NAND2_X1
mult_33_U25                     0.000994    0.000664    0.001735    7.69e-05  FA_X1
w_reg_out_reg_1_                0.001405   0.0002319    0.001725   8.817e-05  DFFR_X1
DOUT_reg_4_                     0.001514   0.0001139    0.001716   8.823e-05  DFFR_X1
w_reg_out_reg_6_                0.001431   0.0001892    0.001708   8.821e-05  DFFR_X1
mult_33_U8                     0.0009563   0.0006633     0.00169   7.032e-05  FA_X1
mult_33_U145                    0.001105   0.0005495    0.001689    3.51e-05  XOR2_X1
DOUT_reg_3_                     0.001481   0.0001191    0.001688   8.821e-05  DFFR_X1
DOUT_reg_6_                     0.001558   4.211e-05    0.001688   8.823e-05  DFFR_X1
U62                             0.001136   0.0004878    0.001658   3.397e-05  AOI22_X1
mult_31_U134                   0.0002209    0.001413    0.001649   1.572e-05  INV_X1
mult_31_U161                   0.0009391   0.0006585    0.001639   4.117e-05  AOI222_X1
mult_31_U203                   0.0005496    0.001047    0.001616   1.942e-05  NOR2_X1
sub_28_U10                      0.000663   0.0009102     0.00161   3.651e-05  XNOR2_X1
w_reg_out_reg_7_                0.001357   0.0001588    0.001604   8.821e-05  DFFR_X1
mult_34_U3                     0.0009418   0.0005654    0.001587   7.974e-05  FA_X1
mult_31_U179                   0.0004877    0.001055    0.001562   1.942e-05  NOR2_X1
mult_31_U131                   0.0002665    0.001277    0.001559   1.509e-05  INV_X1
w_reg_out_reg_0_                0.001276   0.0001822    0.001547   8.845e-05  DFFR_X1
U64                             0.001044   0.0004545    0.001533   3.397e-05  AOI22_X1
mult_34_U6                     0.0008571    0.000599    0.001527   7.099e-05  FA_X1
mult_33_U21                    0.0008799   0.0005733    0.001527   7.383e-05  FA_X1
mult_31_U202                   0.0006361   0.0008703    0.001525   1.822e-05  NOR2_X1
U44                            0.0007527   0.0007395    0.001523   3.089e-05  NAND2_X1
mult_33_U18                    0.0008439   0.0005883    0.001499   6.709e-05  FA_X1
mult_33_U146                   0.0009674   0.0004852    0.001489   3.634e-05  XNOR2_X1
mult_34_U7                     0.0008171   0.0005702    0.001464    7.67e-05  FA_X1
mult_31_U196                   0.0005498   0.0008786    0.001448   1.942e-05  NOR2_X1
mult_31_U181                   0.0005498   0.0008771    0.001446   1.942e-05  NOR2_X1
mult_31_U194                   0.0004881   0.0009361    0.001444   1.942e-05  NOR2_X1
DOUT_reg_5_                      0.00131   3.703e-05    0.001435   8.823e-05  DFFR_X1
mult_31_U200                   0.0005741    0.000838     0.00143   1.829e-05  NOR2_X1
mult_33_U38                    0.0008019   0.0005312    0.001403    7.02e-05  FA_X1
mult_31_U123                   0.0004278   0.0009512    0.001392   1.257e-05  INV_X1
U60                            0.0009471   0.0004059    0.001387   3.432e-05  AOI22_X1
mult_34_U4                     0.0007821   0.0005208    0.001378   7.533e-05  FA_X1
mult_31_U46                    0.0008071   0.0004917    0.001355   5.595e-05  FA_X1
add_32_U2                      0.0007807    0.000537    0.001343   2.497e-05  AND2_X1
mult_31_U195                   0.0004488   0.0008707    0.001339   1.942e-05  NOR2_X1
mult_31_U162                   0.0007111   0.0005705    0.001333   5.187e-05  OAI222_X1
mult_31_U50                     0.001009   0.0002631    0.001317   4.494e-05  HA_X1
mult_31_U49                    0.0009571   0.0002971    0.001314    5.95e-05  FA_X1
mult_31_U180                   0.0004489   0.0008425    0.001311   1.942e-05  NOR2_X1
U58                            0.0008677    0.000382    0.001282   3.228e-05  AOI22_X1
mult_31_U199                   0.0005311   0.0007289    0.001278   1.785e-05  NOR2_X1
mult_34_U36                    0.0006922   0.0004722    0.001249    8.46e-05  FA_X1
mult_33_U19                    0.0007411   0.0004043     0.00122   7.502e-05  FA_X1
mult_33_U141                   0.0006988   0.0004427    0.001187   4.525e-05  XOR2_X1
mult_33_U16                    0.0006998   0.0004024    0.001181   7.927e-05  FA_X1
mult_34_U8                     0.0006524   0.0004574    0.001181   7.137e-05  FA_X1
mult_34_U5                       0.00067   0.0004403    0.001175   6.508e-05  FA_X1
mult_33_U31                    0.0006916   0.0003929    0.001156   7.153e-05  FA_X1
FE_DBTC2_w_reg_out_4           6.612e-05    0.001067    0.001147   1.426e-05  INV_X1
mult_31_U160                    0.000546   0.0005028    0.001123   7.401e-05  OAI222_X1
mult_33_U23                    0.0006348   0.0004107    0.001122    7.63e-05  FA_X1
FE_DBTC3_w_reg_out_3           6.147e-05    0.001031    0.001107   1.443e-05  INV_X1
mult_33_U42                    0.0007065    0.000326    0.001105   7.243e-05  FA_X1
mult_31_U191                    0.000375     0.00071    0.001104   1.928e-05  NOR2_X1
mult_33_U27                    0.0005865   0.0004455    0.001095   6.254e-05  FA_X1
mult_31_U168                   0.0003403   0.0007052    0.001078   3.208e-05  NAND2_X1
mult_33_U32                    0.0006265   0.0003738    0.001075   7.473e-05  FA_X1
mult_31_U176                   0.0003751   0.0006797    0.001074   1.928e-05  NOR2_X1
mult_31_U178                   0.0004065   0.0006482    0.001074   1.945e-05  NOR2_X1
mult_33_U36                    0.0005958   0.0004158    0.001073   6.183e-05  FA_X1
mult_31_U167                   0.0004057    0.000649    0.001073   1.776e-05  NAND2_X1
U54                            0.0007273   0.0003083    0.001072   3.596e-05  AOI22_X1
mult_33_U26                    0.0006239   0.0003699    0.001066   7.247e-05  FA_X1
mult_31_U193                   0.0004066   0.0006232    0.001049   1.945e-05  NOR2_X1
mult_34_U30                    0.0005817   0.0003945    0.001046   6.944e-05  FA_X1
mult_33_U37                    0.0006121   0.0003417    0.001024   7.035e-05  FA_X1
sub_28_U8                      0.0002854   0.0006932   0.0009929    1.43e-05  INV_X1
mult_31_U177                   0.0003063   0.0006467   0.0009725   1.957e-05  NOR2_X1
mult_31_U192                   0.0003063   0.0006324   0.0009583   1.957e-05  NOR2_X1
mult_34_U21                    0.0005187   0.0003573   0.0009485   7.253e-05  FA_X1
U56                            0.0006378    0.000263   0.0009383   3.751e-05  AOI22_X1
mult_34_U32                    0.0005341   0.0003149   0.0009375   8.845e-05  FA_X1
U49                            0.0005127   0.0003906   0.0009177   1.445e-05  INV_X1
sub_28_U9                      0.0002639   0.0006329   0.0009111    1.43e-05  INV_X1
mult_33_U22                    0.0005143   0.0003179   0.0008977   6.551e-05  FA_X1
mult_33_U33                    0.0005199   0.0002915   0.0008881    7.68e-05  FA_X1
U51                            0.0004679   0.0003993   0.0008817   1.445e-05  INV_X1
mult_34_U37                    0.0005217   0.0002881   0.0008714   6.162e-05  FA_X1
sub_28_U7                      0.0002423   0.0006143   0.0008709    1.43e-05  INV_X1
mult_31_U198                   0.0003699   0.0004783   0.0008671   1.889e-05  NOR2_X1
mult_31_U126                   0.0002534    0.000597   0.0008655   1.509e-05  INV_X1
mult_34_U43                    0.0004707   0.0003045   0.0008454   7.021e-05  FA_X1
mult_34_U26                    0.0004597   0.0002835   0.0008276    8.44e-05  FA_X1
FE_DBTC1_w_reg_out_5           4.643e-05    0.000762   0.0008227   1.426e-05  INV_X1
mult_33_U29                     0.000456   0.0002586   0.0007921    7.76e-05  FA_X1
VOUT_reg                       0.0006963   2.297e-06   0.0007897   9.115e-05  DFFR_X1
U61                            0.0004132   0.0003394   0.0007671   1.445e-05  INV_X1
mult_31_U190                   0.0002661   0.0004784   0.0007643   1.969e-05  NOR2_X1
mult_34_U22                    0.0004149     0.00027   0.0007534   6.849e-05  FA_X1
mult_33_U17                    0.0004182   0.0002558     0.00075   7.588e-05  FA_X1
FE_DBTC5_w_reg_out_1           4.498e-05   0.0006861   0.0007445   1.338e-05  INV_X1
U63                            0.0003798    0.000328   0.0007222   1.445e-05  INV_X1
sub_28_U4                      0.0002061   0.0004989   0.0007193   1.426e-05  INV_X1
mult_31_U125                   0.0002182   0.0004819   0.0007158   1.572e-05  INV_X1
mult_33_U24                     0.000358   0.0002533   0.0006821   7.085e-05  FA_X1
FE_DBTC4_w_reg_out_2           5.711e-05   0.0006026   0.0006748   1.514e-05  INV_X1
mult_33_U47                    0.0003746   0.0002208   0.0006686   7.324e-05  FA_X1
mult_34_U141                   0.0002244   0.0003943   0.0006662   4.753e-05  XOR2_X1
mult_34_U145                    0.000421   0.0002088   0.0006656   3.581e-05  XOR2_X1
mult_34_U24                    0.0003492    0.000251   0.0006635    6.33e-05  FA_X1
U59                            0.0003439   0.0003035   0.0006618    1.43e-05  INV_X1
mult_34_U42                    0.0003907   0.0002034   0.0006606   6.647e-05  FA_X1
sub_28_U6                      0.0001791   0.0004511   0.0006445    1.43e-05  INV_X1
mult_34_U25                    0.0003387   0.0002342   0.0006392   6.627e-05  FA_X1
mult_33_U20                    0.0003497   0.0002026   0.0006319   7.965e-05  FA_X1
mult_34_U146                   0.0003796   0.0001868   0.0006022   3.573e-05  XNOR2_X1
U57                            0.0003176   0.0002596   0.0005924   1.527e-05  INV_X1
mult_34_U28                    0.0003089   0.0002163   0.0005887   6.347e-05  FA_X1
mult_34_U18                    0.0002826   0.0001915   0.0005551   8.103e-05  FA_X1
mult_34_U48                    0.0002576   0.0002387    0.000554   5.773e-05  HA_X1
mult_34_U16                    0.0003096   0.0001709   0.0005515    7.09e-05  FA_X1
U53                            0.0002642   0.0002325   0.0005103   1.361e-05  INV_X1
mult_34_U161                   0.0002786   0.0001895   0.0005091   4.104e-05  AOI222_X1
mult_33_U45                    0.0002567   0.0001862   0.0005006   5.773e-05  HA_X1
mult_33_U44                    0.0002437   0.0001752   0.0004823   6.345e-05  FA_X1
mult_33_U34                    0.0002333   0.0001799   0.0004711   5.798e-05  FA_X1
mult_34_U29                    0.0002502   0.0001626   0.0004704    5.76e-05  FA_X1
U55                            0.0002302   0.0002268     0.00047   1.299e-05  INV_X1
mult_34_U19                    0.0002469   0.0001282   0.0004589   8.382e-05  FA_X1
mult_33_U51                    0.0002581   0.0001371   0.0004579   6.278e-05  HA_X1
FE_DBTC6_w_reg_out_0           3.273e-05   0.0004074   0.0004559   1.569e-05  INV_X1
sub_28_U1                      0.0001718   0.0002677   0.0004538   1.434e-05  INV_X1
mult_34_U39                    0.0002427    0.000134   0.0004402   6.345e-05  FA_X1
mult_34_U166                   0.0002504   0.0001438   0.0004314   3.719e-05  XNOR2_X1
mult_34_U44                    0.0002153   0.0001477   0.0004226   5.961e-05  FA_X1
sub_28_U3                      0.0001688   0.0002344   0.0004213   1.809e-05  NAND2_X1
mult_33_U28                    0.0002049   0.0001394   0.0004157   7.137e-05  FA_X1
FE_DBTC0_w_reg_out_6           2.764e-05   0.0003707   0.0004125   1.426e-05  INV_X1
mult_33_U163                   0.0002284   0.0001404      0.0004   3.121e-05  AOI222_X1
mult_34_U47                    0.0002048   0.0001391   0.0003981   5.417e-05  FA_X1
mult_34_U20                    0.0002026   0.0001105   0.0003766   6.347e-05  FA_X1
mult_33_U125                   0.0001116    0.000244   0.0003694    1.38e-05  INV_X1
mult_33_U166                   0.0001858   0.0001422   0.0003655   3.745e-05  XNOR2_X1
mult_34_U51                    0.0002077   0.0001033   0.0003567   4.568e-05  HA_X1
mult_34_U45                    0.0002038   8.459e-05   0.0003456   5.716e-05  HA_X1
mult_33_U49                    0.0002102   7.222e-05   0.0003425   6.005e-05  FA_X1
mult_34_U46                    0.0001775   0.0001073   0.0003407   5.587e-05  FA_X1
mult_34_U49                     0.000213   6.614e-05   0.0003388   5.961e-05  FA_X1
mult_34_U34                     0.000155   0.0001056   0.0003362   7.563e-05  FA_X1
mult_34_U201                   0.0001227   0.0001885   0.0003294   1.822e-05  NOR2_X1
mult_33_U160                   0.0001348   0.0001177   0.0003238   7.132e-05  OAI222_X1
mult_33_U170                   7.505e-05    0.000216   0.0003232   3.215e-05  NAND2_X1
mult_33_U201                   0.0001229   0.0001788   0.0003199   1.822e-05  NOR2_X1
mult_33_U50                    0.0002029   5.046e-05   0.0003105   5.716e-05  HA_X1
mult_33_U39                    0.0001697   8.393e-05   0.0003092   5.558e-05  FA_X1
mult_33_U161                   0.0001456   0.0001165   0.0003076   4.553e-05  AOI222_X1
mult_33_U151                   0.0001231   0.0001648   0.0003062   1.822e-05  NOR2_X1
mult_34_U200                   0.0001153    0.000169   0.0003026    1.83e-05  NOR2_X1
mult_34_U162                   0.0001346   0.0001126   0.0002991   5.183e-05  OAI222_X1
mult_33_U157                   7.735e-05   0.0001869   0.0002954   3.111e-05  NAND2_X1
mult_33_U43                    0.0001555   8.603e-05   0.0002945   5.288e-05  FA_X1
mult_33_U200                   0.0001155   0.0001601   0.0002939    1.83e-05  NOR2_X1
mult_33_U162                   0.0001308   0.0001091   0.0002933    5.34e-05  OAI222_X1
mult_33_U48                    0.0001517   9.067e-05   0.0002873   4.495e-05  HA_X1
mult_33_U168                   7.549e-05   0.0001738   0.0002814   3.215e-05  NAND2_X1
mult_34_U168                   7.551e-05   0.0001719   0.0002795   3.215e-05  NAND2_X1
mult_33_U158                   8.291e-05   0.0001628   0.0002766   3.087e-05  NAND2_X1
mult_33_U186                   8.997e-05   0.0001616    0.000271   1.942e-05  NOR2_X1
mult_34_U194                   8.998e-05   0.0001613   0.0002707   1.942e-05  NOR2_X1
mult_34_U179                   9.014e-05   0.0001558   0.0002654   1.942e-05  NOR2_X1
mult_33_U173                   9.014e-05   0.0001555   0.0002651   1.942e-05  NOR2_X1
mult_33_U46                    0.0001243   7.555e-05   0.0002607   6.086e-05  FA_X1
mult_34_U31                    0.0001225   8.013e-05   0.0002606   5.798e-05  FA_X1
mult_34_U167                   9.023e-05    0.000152   0.0002598   1.758e-05  NAND2_X1
mult_33_U150                   0.0001166   0.0001159   0.0002508    1.83e-05  NOR2_X1
mult_33_U172                   8.523e-05   0.0001456   0.0002503   1.945e-05  NOR2_X1
mult_33_U156                   7.585e-05   0.0001394   0.0002474   3.215e-05  NAND2_X1
mult_34_U192                   7.046e-05   0.0001495   0.0002395   1.958e-05  NOR2_X1
mult_33_U184                   7.048e-05   0.0001477   0.0002378   1.958e-05  NOR2_X1
mult_34_U177                    7.05e-05   0.0001466   0.0002367   1.958e-05  NOR2_X1
mult_33_U185                   8.584e-05   0.0001275   0.0002328   1.945e-05  NOR2_X1
mult_34_U50                    0.0001507    3.68e-05   0.0002324   4.495e-05  HA_X1
mult_34_U178                   8.621e-05   0.0001191   0.0002248   1.945e-05  NOR2_X1
mult_33_U149                   8.278e-05   0.0001223   0.0002229   1.782e-05  NOR2_X1
mult_33_U171                   7.071e-05   0.0001323   0.0002226   1.958e-05  NOR2_X1
mult_34_U193                   8.641e-05   0.0001148   0.0002207   1.945e-05  NOR2_X1
mult_33_U152                   8.687e-05   0.0001153   0.0002204   1.822e-05  NOR2_X1
mult_33_U126                   6.111e-05   0.0001413   0.0002168   1.443e-05  INV_X1
mult_34_U202                   8.695e-05   0.0001111   0.0002163   1.822e-05  NOR2_X1
mult_33_U202                   8.702e-05   0.0001072   0.0002125   1.822e-05  NOR2_X1
mult_34_U199                   8.309e-05   0.0001038   0.0002047   1.782e-05  NOR2_X1
mult_33_U199                   8.309e-05   0.0001037   0.0002047   1.782e-05  NOR2_X1
mult_33_U127                   5.753e-05   0.0001303   0.0002014   1.357e-05  INV_X1
mult_34_U180                   6.355e-05   0.0001175   0.0002005   1.942e-05  NOR2_X1
mult_34_U126                   5.645e-05   0.0001284      0.0002   1.514e-05  INV_X1
mult_33_U174                   6.368e-05   0.0001133   0.0001964   1.942e-05  NOR2_X1
mult_34_U195                   6.375e-05   0.0001109    0.000194   1.942e-05  NOR2_X1
mult_33_U187                   6.381e-05   0.0001088    0.000192   1.942e-05  NOR2_X1
mult_33_U159                   5.824e-05   0.0001026   0.0001917   3.087e-05  NAND2_X1
mult_33_U183                   6.021e-05   0.0001076   0.0001871   1.927e-05  NOR2_X1
mult_34_U191                   6.023e-05   0.0001071   0.0001866   1.927e-05  NOR2_X1
mult_34_U17                    6.588e-05   4.191e-05   0.0001797   7.189e-05  FA_X1
mult_34_U176                   6.043e-05    9.91e-05   0.0001788   1.927e-05  NOR2_X1
mult_33_U167                   5.951e-05   0.0001026    0.000177   1.493e-05  NAND2_X1
mult_33_U154                    4.16e-05   0.0001021   0.0001767   3.295e-05  NAND2_X1
mult_33_U155                   5.655e-05   8.607e-05   0.0001722   2.958e-05  NAND2_X1
mult_34_U160                   5.053e-05   4.487e-05   0.0001692   7.381e-05  OAI222_X1
mult_33_U169                   4.437e-05   0.0001034   0.0001681   2.028e-05  NAND2_X1
mult_33_U123                   4.465e-05   9.941e-05   0.0001574   1.338e-05  INV_X1
mult_34_U198                   5.916e-05   7.305e-05   0.0001511   1.887e-05  NOR2_X1
mult_33_U143                   7.214e-05   4.911e-05   0.0001509   2.968e-05  AND2_X1
mult_34_U27                    3.436e-05   2.636e-05    0.000149    8.83e-05  FA_X1
mult_33_U198                   5.919e-05   7.092e-05    0.000149   1.887e-05  NOR2_X1
mult_33_U148                   5.923e-05   6.924e-05   0.0001473   1.887e-05  NOR2_X1
mult_33_U164                   5.928e-05   6.759e-05   0.0001457   1.887e-05  NOR2_X1
mult_34_U125                   4.108e-05   9.013e-05   0.0001439   1.271e-05  INV_X1
mult_33_U153                   4.982e-05   6.707e-05   0.0001351   1.822e-05  NOR2_X1
mult_34_U190                   4.188e-05    6.94e-05    0.000131   1.968e-05  NOR2_X1
mult_33_U188                   3.544e-05   7.252e-05   0.0001274   1.942e-05  NOR2_X1
mult_33_U142                   5.959e-05   3.039e-05   0.0001259   3.595e-05  XOR2_X1
sub_28_U5                      5.003e-05   5.977e-05   0.0001239   1.413e-05  INV_X1
mult_34_U123                   3.256e-05   7.279e-05    0.000121   1.569e-05  INV_X1
mult_33_U203                    3.56e-05   6.442e-05   0.0001194   1.942e-05  NOR2_X1
mult_34_U203                    3.56e-05   6.431e-05   0.0001193   1.942e-05  NOR2_X1
mult_34_U196                   3.595e-05   5.208e-05   0.0001075   1.942e-05  NOR2_X1
mult_34_U181                   3.599e-05   5.111e-05   0.0001065   1.942e-05  NOR2_X1
mult_31_U23                            0           0    9.84e-05    9.84e-05  FA_X1
mult_34_U23                            0           0    9.84e-05    9.84e-05  FA_X1
mult_34_U33                            0           0   8.323e-05   8.323e-05  FA_X1
mult_31_U33                            0           0   8.323e-05   8.323e-05  FA_X1
mult_34_U38                            0           0   6.752e-05   6.752e-05  FA_X1
mult_31_U38                            0           0   6.752e-05   6.752e-05  FA_X1
mult_33_U175                   1.607e-05   2.438e-05   6.073e-05   2.028e-05  NAND2_X1
mult_34_U147                   1.614e-05   2.214e-05   5.856e-05   2.028e-05  NAND2_X1
mult_33_U147                   1.616e-05   2.202e-05   5.845e-05   2.028e-05  NAND2_X1
mult_33_U189                   1.616e-05   2.166e-05    5.81e-05   2.028e-05  NAND2_X1
mult_34_U197                   1.631e-05   1.751e-05    5.41e-05   2.028e-05  NAND2_X1
mult_34_U182                   1.631e-05   1.748e-05   5.406e-05   2.028e-05  NAND2_X1
mult_33_U144                   1.641e-05   1.493e-05   5.162e-05   2.028e-05  NAND2_X1
mult_33_U165                           0           0   2.999e-05   2.999e-05  NOR4_X1
mult_34_U165                           0           0   2.937e-05   2.937e-05  NOR4_X1
mult_31_U165                           0           0   2.922e-05   2.922e-05  NOR4_X1
U65                            6.954e-07   8.059e-06   2.729e-05   1.854e-05  INV_X1
mult_34_U149                           0           0   2.538e-05   2.538e-05  NOR2_X1
mult_31_U149                           0           0   2.531e-05   2.531e-05  NOR2_X1
mult_33_U176                           0           0   2.448e-05   2.448e-05  NOR2_X1
mult_33_U191                           0           0   2.448e-05   2.448e-05  NOR2_X1
mult_34_U183                           0           0   2.448e-05   2.448e-05  NOR2_X1
mult_31_U183                           0           0   2.439e-05   2.439e-05  NOR2_X1
mult_34_U151                           0           0   2.425e-05   2.425e-05  NOR2_X1
mult_34_U153                           0           0   2.425e-05   2.425e-05  NOR2_X1
mult_31_U151                           0           0   2.425e-05   2.425e-05  NOR2_X1
mult_31_U152                           0           0   2.425e-05   2.425e-05  NOR2_X1
mult_31_U153                           0           0   2.425e-05   2.425e-05  NOR2_X1
mult_34_U152                           0           0   2.425e-05   2.425e-05  NOR2_X1
mult_31_U150                           0           0   2.406e-05   2.406e-05  NOR2_X1
mult_34_U150                           0           0   2.404e-05   2.404e-05  NOR2_X1
mult_31_U142                           0           0   2.341e-05   2.341e-05  XOR2_X1
mult_34_U142                           0           0   2.341e-05   2.341e-05  XOR2_X1
mult_33_U180                           0           0    2.31e-05    2.31e-05  NOR2_X1
mult_33_U181                           0           0    2.31e-05    2.31e-05  NOR2_X1
mult_31_U173                           0           0    2.31e-05    2.31e-05  NOR2_X1
mult_34_U188                           0           0    2.31e-05    2.31e-05  NOR2_X1
mult_34_U187                           0           0    2.31e-05    2.31e-05  NOR2_X1
mult_33_U179                           0           0    2.31e-05    2.31e-05  NOR2_X1
mult_31_U186                           0           0    2.31e-05    2.31e-05  NOR2_X1
mult_34_U186                           0           0    2.31e-05    2.31e-05  NOR2_X1
mult_33_U196                           0           0    2.31e-05    2.31e-05  NOR2_X1
mult_33_U195                           0           0    2.31e-05    2.31e-05  NOR2_X1
mult_33_U194                           0           0    2.31e-05    2.31e-05  NOR2_X1
mult_34_U174                           0           0    2.31e-05    2.31e-05  NOR2_X1
mult_31_U187                           0           0    2.31e-05    2.31e-05  NOR2_X1
mult_31_U188                           0           0    2.31e-05    2.31e-05  NOR2_X1
mult_31_U174                           0           0    2.31e-05    2.31e-05  NOR2_X1
mult_34_U173                           0           0    2.31e-05    2.31e-05  NOR2_X1
mult_31_U185                           0           0   2.287e-05   2.287e-05  NOR2_X1
mult_31_U172                           0           0   2.287e-05   2.287e-05  NOR2_X1
mult_34_U172                           0           0   2.284e-05   2.284e-05  NOR2_X1
mult_33_U193                           0           0   2.284e-05   2.284e-05  NOR2_X1
mult_34_U185                           0           0   2.284e-05   2.284e-05  NOR2_X1
mult_33_U178                           0           0   2.284e-05   2.284e-05  NOR2_X1
mult_34_U164                           0           0   2.242e-05   2.242e-05  NOR2_X1
mult_34_U148                           0           0   2.242e-05   2.242e-05  NOR2_X1
mult_31_U148                           0           0   2.238e-05   2.238e-05  NOR2_X1
mult_31_U164                           0           0   2.238e-05   2.238e-05  NOR2_X1
mult_31_U184                           0           0    2.18e-05    2.18e-05  NOR2_X1
mult_31_U171                           0           0    2.18e-05    2.18e-05  NOR2_X1
mult_34_U184                           0           0   2.173e-05   2.173e-05  NOR2_X1
mult_33_U177                           0           0   2.173e-05   2.173e-05  NOR2_X1
mult_34_U171                           0           0   2.173e-05   2.173e-05  NOR2_X1
mult_33_U192                           0           0   2.173e-05   2.173e-05  NOR2_X1
mult_33_U190                           0           0   2.088e-05   2.088e-05  NOR2_X1
mult_34_U143                           0           0   2.047e-05   2.047e-05  AND2_X1
mult_31_U143                           0           0   2.047e-05   2.047e-05  AND2_X1
mult_31_U163                           0           0   1.903e-05   1.903e-05  AOI222_X1
mult_34_U163                           0           0   1.889e-05   1.889e-05  AOI222_X1
mult_34_U127                           0           0    1.86e-05    1.86e-05  INV_X1
mult_31_U133                           0           0    1.86e-05    1.86e-05  INV_X1
mult_34_U128                           0           0    1.86e-05    1.86e-05  INV_X1
mult_31_U135                           0           0    1.86e-05    1.86e-05  INV_X1
mult_34_U130                           0           0    1.86e-05    1.86e-05  INV_X1
mult_31_U137                           0           0    1.86e-05    1.86e-05  INV_X1
mult_34_U136                           0           0    1.86e-05    1.86e-05  INV_X1
mult_31_U139                           0           0    1.86e-05    1.86e-05  INV_X1
mult_33_U129                           0           0    1.86e-05    1.86e-05  INV_X1
mult_33_U132                           0           0    1.86e-05    1.86e-05  INV_X1
mult_33_U133                           0           0    1.86e-05    1.86e-05  INV_X1
mult_33_U135                           0           0    1.86e-05    1.86e-05  INV_X1
mult_34_U189                           0           0    1.39e-05    1.39e-05  NAND2_X1
mult_33_U197                           0           0    1.39e-05    1.39e-05  NAND2_X1
mult_34_U169                           0           0    1.39e-05    1.39e-05  NAND2_X1
mult_33_U182                           0           0    1.39e-05    1.39e-05  NAND2_X1
mult_34_U144                           0           0    1.39e-05    1.39e-05  NAND2_X1
mult_34_U175                           0           0    1.39e-05    1.39e-05  NAND2_X1
mult_31_U189                           0           0   1.389e-05   1.389e-05  NAND2_X1
mult_31_U175                           0           0   1.389e-05   1.389e-05  NAND2_X1
mult_31_U169                           0           0   1.389e-05   1.389e-05  NAND2_X1
mult_31_U144                           0           0   1.389e-05   1.389e-05  NAND2_X1
mult_33_U124                           0           0    1.01e-05    1.01e-05  INV_X1
mult_33_U128                           0           0    1.01e-05    1.01e-05  INV_X1
mult_31_U124                           0           0    1.01e-05    1.01e-05  INV_X1
mult_34_U124                           0           0    1.01e-05    1.01e-05  INV_X1
mult_34_U129                           0           0    1.01e-05    1.01e-05  INV_X1
mult_31_U136                           0           0    1.01e-05    1.01e-05  INV_X1
mult_34_U135                           0           0    1.01e-05    1.01e-05  INV_X1
mult_31_U138                           0           0    1.01e-05    1.01e-05  INV_X1
mult_34_U140                           0           0    1.01e-05    1.01e-05  INV_X1
mult_31_U140                           0           0    1.01e-05    1.01e-05  INV_X1
mult_33_U130                           0           0    1.01e-05    1.01e-05  INV_X1
U66                            1.085e-06   5.537e-07   5.287e-06   3.649e-06  NAND2_X1
mult_31_U154                           0           0    3.88e-06    3.88e-06  NAND2_X1
mult_34_U154                           0           0   3.878e-06   3.878e-06  NAND2_X1
mult_34_U156                           0           0    3.84e-06    3.84e-06  NAND2_X1
mult_34_U170                           0           0    3.84e-06    3.84e-06  NAND2_X1
mult_31_U156                           0           0   3.836e-06   3.836e-06  NAND2_X1
mult_31_U170                           0           0   3.836e-06   3.836e-06  NAND2_X1
mult_34_U157                           0           0   3.789e-06   3.789e-06  NAND2_X1
mult_31_U157                           0           0   3.788e-06   3.788e-06  NAND2_X1
mult_34_U159                           0           0   3.777e-06   3.777e-06  NAND2_X1
mult_34_U158                           0           0   3.777e-06   3.777e-06  NAND2_X1
mult_31_U158                           0           0   3.777e-06   3.777e-06  NAND2_X1
mult_31_U159                           0           0   3.777e-06   3.777e-06  NAND2_X1
mult_31_U155                           0           0   3.718e-06   3.718e-06  NAND2_X1
mult_34_U155                           0           0   3.715e-06   3.715e-06  NAND2_X1

---------------------------------------------------------------------------------------

Total (    426 of    426  )       0.2872      0.2094     0.5131      0.0165
Total Capacitance                2.422e-12 F
Power Density                   *** No Die Area ***
