*----------------------------------------------------------------------------------------
*	Innovus 17.11-s080_1 (64bit) 08/04/2017 11:13 (Linux 2.6.18-194.el5)
*	
*
* 	Date & Time:	2021-Nov-21 16:56:00 (2021-Nov-21 15:56:00 GMT)
*
*----------------------------------------------------------------------------------------
*
*	Design: IIRfilter_LA
*
*	Liberty Libraries used: 
*	        MyAnView: /software/dk/nangate45/liberty/NangateOpenCellLibrary_typical_ecsm_nowlm.lib
*
*	Power Domain used: 
*		Rail:        VDD 	Voltage:        1.1 
*
*       Power View : MyAnView
*
*       User-Defined Activity : N.A.
*
*	Switching Activity File used: 
*	        ../vcd_innovus/design.vcd
*			Vcd Window used(Start Time, Stop Time):(7.72722e+34, 7.72723e+34) 
*                     Vcd Scale Factor: 1 
**                    Design annotation coverage: 929/929 = 100% 
*
*       Hierarchical Global Activity: N.A.
*
*       Global Activity: N.A.
*
*       Sequential Element Activity: N.A.
*
*       Primary Input Activity: 0.200000
*
*       Default icg ratio: N.A.
*
*       Global Comb ClockGate Ratio: N.A.
*
*	Power Units = 1mW
*
*	Time Units = 1e-09 secs 
*
*       Temperature = 25 
*
*       report_power -outfile .//IIRfilter_LA.rpt -rail_analysis_format VS
*
-----------------------------------------------------------------------------------------
Cell                            Internal   Switching       Total     Leakage   Cell
                                   Power       Power       Power       Power   Name
--------------------------------------------------------------------------------------
FE_DBTC0_w_5                   0.0006693     0.01107     0.01177   2.727e-05  INV_X2
mult_40_U4                      0.007713    0.003271     0.01106   7.536e-05  FA_X1
mult_40_U3                      0.008109    0.002839     0.01102   7.536e-05  FA_X1
sub_32_U2_7                     0.002606    0.008249     0.01094   8.203e-05  FA_X1
sub_0_root_sub_0_root_add_37_U2_5   0.007447     0.00308     0.01061   8.249e-05  FA_X1
mult_40_U242                   0.0004824    0.009947     0.01044   1.405e-05  INV_X1
mult_40_U235                   0.0005799    0.009735     0.01033    1.26e-05  INV_X1
sub_0_root_sub_0_root_add_37_U2_4   0.007062    0.002822    0.009967   8.249e-05  FA_X1
FE_DBTC1_w_3                   0.0003255    0.009504    0.009843   1.359e-05  INV_X1
mult_40_U257                    0.002063    0.007497    0.009635   7.487e-05  XNOR2_X2
mult_40_U5                      0.006394    0.003088    0.009561   7.919e-05  FA_X1
FE_DBTC2_w_1                   0.0005506     0.00881     0.00939   2.902e-05  INV_X2
sub_0_root_sub_0_root_add_37_U2_2   0.006579    0.002551    0.009213   8.339e-05  FA_X1
sub_0_root_sub_0_root_add_37_U2_3   0.006528    0.002509    0.009117   8.033e-05  FA_X1
mult_42_U3                      0.005863    0.002922    0.008864   7.988e-05  FA_X1
mult_40_U6                      0.005937    0.002812    0.008829   8.009e-05  FA_X1
sub_0_root_sub_0_root_add_37_U2_1   0.006191    0.002393    0.008668   8.367e-05  FA_X1
add_1_root_sub_0_root_add_37_U1_4   0.004919    0.003292    0.008285   7.375e-05  FA_X1
mult_40_U31                     0.004964    0.003227    0.008263   7.173e-05  FA_X1
mult_42_U4                      0.005022    0.002911    0.008007   7.374e-05  FA_X1
mult_42_U7                      0.004566    0.003219    0.007867   8.118e-05  FA_X1
mult_42_U6                      0.004939    0.002825    0.007841   7.682e-05  FA_X1
mult_40_U7                      0.005129     0.00258    0.007792   8.288e-05  FA_X1
add_1_root_sub_0_root_add_37_U1_6   0.004615    0.003015    0.007704   7.375e-05  FA_X1
add_1_root_sub_0_root_add_37_U1_3   0.004663    0.002942    0.007676   7.153e-05  FA_X1
mult_40_U23                     0.004544    0.003051    0.007659   6.438e-05  FA_X1
add_1_root_sub_0_root_add_37_U1_5   0.004398    0.003026    0.007497   7.375e-05  FA_X1
mult_42_U5                      0.004621    0.002797    0.007488   6.936e-05  FA_X1
sub_32_U2_6                     0.002619    0.004726    0.007427   8.232e-05  FA_X1
mult_40_U256                    0.002015    0.005338    0.007424   7.127e-05  XOR2_X2
mult_40_U8                      0.004199    0.003118    0.007375   5.822e-05  FA_X1
add_1_root_sub_0_root_add_37_U1_1   0.004488    0.002803    0.007366   7.541e-05  FA_X1
sub_0_root_sub_0_root_add_37_U2_6    0.00518    0.001903    0.007165   8.249e-05  FA_X1
sub_32_U2_3                     0.001769    0.005293    0.007145   8.235e-05  FA_X1
add_1_root_sub_0_root_add_37_U1_2   0.004258    0.002678    0.007012   7.581e-05  FA_X1
mult_42_U16                     0.004447    0.002481    0.006998   7.059e-05  FA_X1
mult_40_U29                     0.004189    0.002529    0.006783   6.484e-05  FA_X1
mult_42_U30                     0.003965    0.002693    0.006734   7.623e-05  FA_X1
mult_40_U28                     0.003937    0.002731    0.006733   6.567e-05  FA_X1
FE_DBTC3_w_0                    0.000246    0.006451    0.006711   1.334e-05  INV_X1
mult_42_U22                     0.004042    0.002582    0.006692   6.762e-05  FA_X1
mult_40_U50                     0.004241    0.002181    0.006482   6.016e-05  FA_X1
mult_40_U26                      0.00376    0.002511    0.006336   6.561e-05  FA_X1
mult_40_U27                      0.00407     0.00213    0.006265   6.537e-05  FA_X1
mult_40_U24                     0.003638    0.002506    0.006214   7.061e-05  FA_X1
mult_42_U26                     0.003739    0.002274    0.006095   8.162e-05  FA_X1
mult_42_U28                     0.003409    0.002588    0.006059   6.228e-05  FA_X1
mult_42_U21                     0.003511    0.002435    0.006013   6.757e-05  FA_X1
mult_42_U34                     0.003344    0.002534     0.00595   7.211e-05  FA_X1
mult_42_U19                     0.003791    0.001923    0.005798   8.302e-05  FA_X1
sub_32_U2_5                     0.001926     0.00375    0.005758   8.232e-05  FA_X1
mult_42_U36                     0.003344    0.002274    0.005705   8.697e-05  FA_X1
mult_42_U20                      0.00356    0.002044    0.005668   6.411e-05  FA_X1
mult_42_U24                     0.003276    0.002322     0.00566    6.21e-05  FA_X1
mult_42_U25                     0.003291    0.002225    0.005583   6.631e-05  FA_X1
mult_42_U17                     0.003448    0.001971    0.005491   7.246e-05  FA_X1
mult_40_U395                    0.000433    0.004943    0.005383    7.09e-06  NAND2_X1
mult_40_U51                     0.003307    0.001883    0.005249   5.813e-05  FA_X1
mult_40_U258                    0.003778    0.001415    0.005231   3.761e-05  XNOR2_X1
mult_40_U38                     0.003392    0.001755    0.005204   5.692e-05  FA_X1
mult_40_U41                     0.003563    0.001535    0.005154   5.655e-05  FA_X1
mult_42_U18                     0.002964    0.002012    0.005056   8.103e-05  FA_X1
mult_40_U32                     0.003125    0.001809    0.005005   7.231e-05  FA_X1
mult_40_U44                     0.003202    0.001699     0.00496   5.897e-05  FA_X1
sub_32_U2_2                     0.001462    0.003353    0.004897   8.242e-05  FA_X1
sub_32_U2_4                     0.001799    0.002979     0.00486   8.248e-05  FA_X1
mult_40_U47                     0.003371    0.001409    0.004837   5.784e-05  FA_X1
mult_40_U35                     0.003246    0.001475    0.004778   5.703e-05  FA_X1
mult_42_U8                      0.002702     0.00201    0.004775   6.315e-05  FA_X1
mult_40_U401                    0.001896    0.002771    0.004702   3.429e-05  XOR2_X1
mult_42_U37                     0.002846    0.001629     0.00454   6.453e-05  FA_X1
mult_40_U55                     0.002742    0.001728     0.00452    5.05e-05  HA_X1
mult_40_U53                      0.00311    0.001299    0.004466   5.707e-05  FA_X1
mult_40_U259                     0.00236      0.0019    0.004306   4.592e-05  XOR2_X1
mult_40_U37                     0.002637    0.001616    0.004305   5.203e-05  HA_X1
mult_42_U146                     0.00282    0.001432    0.004287   3.533e-05  XNOR2_X1
sub_32_U2_1                     0.001492    0.002707    0.004282   8.305e-05  FA_X1
sub_0_root_sub_0_root_add_37_U9   0.001127    0.003142    0.004281   1.222e-05  INV_X1
mult_40_U58                     0.002857    0.001265    0.004184   6.082e-05  FA_X1
mult_40_U43                     0.002588    0.001535    0.004175   5.203e-05  HA_X1
mult_40_U40                     0.002467    0.001624    0.004143   5.189e-05  HA_X1
mult_40_U52                     0.002483    0.001599    0.004134   5.189e-05  HA_X1
mult_40_U54                     0.002554    0.001503    0.004113   5.561e-05  FA_X1
sub_0_root_sub_0_root_add_37_U10   0.002915    0.001152    0.004101   3.346e-05  XNOR2_X1
mult_40_U49                     0.002452    0.001585    0.004089   5.203e-05  HA_X1
sub_0_root_sub_0_root_add_37_U8   0.001072    0.002998    0.004083   1.222e-05  INV_X1
U91                              0.00288    0.001139    0.004044   2.423e-05  OAI21_X1
mult_42_U32                     0.002406    0.001459    0.003949   8.338e-05  FA_X1
mult_40_U36                     0.002402    0.001377    0.003833   5.412e-05  FA_X1
mult_40_U56                     0.002445    0.001319    0.003818   5.473e-05  FA_X1
mult_40_U46                       0.0023    0.001457    0.003809   5.203e-05  HA_X1
mult_42_U145                    0.002412    0.001356    0.003803   3.515e-05  XOR2_X1
sub_0_root_sub_0_root_add_37_U7   0.001009    0.002709     0.00373   1.222e-05  INV_X1
mult_42_U43                     0.002206    0.001434    0.003709   6.911e-05  FA_X1
mult_40_U45                     0.002326    0.001297    0.003677   5.392e-05  FA_X1
add_1_root_sub_0_root_add_37_U2   0.001843     0.00176    0.003639   3.535e-05  XOR2_X1
mult_42_U127                   0.0005065    0.003114    0.003635   1.447e-05  INV_X1
mult_40_U42                     0.002247    0.001276    0.003576   5.313e-05  FA_X1
mult_42_U39                     0.002315    0.001181    0.003557   6.125e-05  FA_X1
mult_40_U48                     0.002238    0.001246    0.003544    5.98e-05  FA_X1
U99                             0.002529   0.0009677    0.003521   2.423e-05  OAI21_X1
mult_40_U337                   0.0003295    0.003164    0.003503   1.025e-05  NAND2_X1
mult_40_U311                   0.0002783    0.003133    0.003432   2.077e-05  NAND2_X1
mult_42_U141                    0.001352    0.002011    0.003411   4.774e-05  XOR2_X1
mult_40_U376                    0.002141    0.001105    0.003281   3.527e-05  XOR2_X1
mult_40_U378                    0.002141      0.0011    0.003276   3.527e-05  XOR2_X1
mult_40_U60                     0.002085    0.001129    0.003274   6.021e-05  FA_X1
mult_42_U31                     0.002077    0.001134    0.003269   5.817e-05  FA_X1
mult_40_U385                     0.00214    0.001074     0.00325   3.527e-05  XOR2_X1
mult_40_U374                     0.00214    0.001059    0.003234   3.527e-05  XOR2_X1
mult_40_U39                     0.002004     0.00113    0.003188   5.412e-05  FA_X1
U97                             0.002341   0.0008158    0.003181   2.423e-05  OAI21_X1
sub_0_root_sub_0_root_add_37_U6  0.0008477    0.002301    0.003161   1.222e-05  INV_X1
mult_42_U42                     0.002128   0.0009712     0.00316   6.116e-05  FA_X1
U95                             0.002241   0.0008694    0.003133   2.169e-05  OAI21_X1
U93                             0.002294   0.0008047    0.003122   2.274e-05  OAI21_X1
U89                             0.002197   0.0008672    0.003092    2.78e-05  OAI21_X1
mult_40_U286                    0.001254    0.001811    0.003086   2.065e-05  AOI22_X1
U101                            0.002118   0.0008219    0.002963   2.331e-05  OAI21_X1
U92                             0.001486    0.001411    0.002928   3.036e-05  NAND2_X1
mult_40_U279                     0.00161    0.001254    0.002906   4.141e-05  XOR2_X1
mult_42_U131                   0.0003164    0.002509    0.002839   1.372e-05  INV_X1
mult_40_U57                     0.001719    0.001063    0.002833   5.121e-05  FA_X1
sub_0_root_sub_0_root_add_37_U5  0.0007877    0.001982    0.002782   1.222e-05  INV_X1
mult_39_U3                      0.001729    0.000946    0.002751   7.593e-05  FA_X1
mult_41_U5                      0.001871    0.000806    0.002751   7.341e-05  FA_X1
mult_40_U61                     0.001834   0.0008477    0.002743   6.099e-05  HA_X1
mult_41_U3                      0.001966   0.0006913    0.002734   7.691e-05  FA_X1
mult_41_U4                      0.001778    0.000859    0.002715   7.779e-05  FA_X1
mult_40_U59                     0.001664   0.0009685    0.002685   5.199e-05  HA_X1
U100                            0.001307    0.001327    0.002665   3.036e-05  NAND2_X1
mult_40_U384                    0.001224     0.00131    0.002575   4.025e-05  OAI22_X1
mult_40_U369                    0.001222    0.001233    0.002496   4.025e-05  OAI22_X1
U98                             0.001213     0.00124    0.002484   3.036e-05  NAND2_X1
U102                            0.001379    0.001073    0.002472   2.083e-05  NAND2_X1
mult_40_U262                    0.001337    0.001106    0.002464   2.103e-05  AOI222_X1
mult_39_U4                      0.001482    0.000895    0.002455   7.756e-05  FA_X1
mult_40_U282                    0.001128    0.001284    0.002453   4.064e-05  OAI22_X1
mult_40_U346                     0.00152   0.0008559    0.002412   3.608e-05  XOR2_X1
mult_40_U358                     0.00152   0.0008501    0.002406   3.608e-05  XOR2_X1
U94                             0.001176    0.001175    0.002382   3.085e-05  NAND2_X1
mult_40_U399                   0.0002067    0.002165     0.00238   8.259e-06  NAND2_X1
mult_40_U268                    0.001397   0.0009478    0.002371   2.634e-05  AOI222_X1
mult_40_U330                    0.001535   0.0007854    0.002356   3.616e-05  XOR2_X1
mult_40_U390                    0.001132    0.001181    0.002352   3.949e-05  OAI22_X1
mult_40_U348                    0.001519   0.0007927    0.002347   3.608e-05  XOR2_X1
mult_40_U320                    0.001535   0.0007741    0.002345   3.616e-05  XOR2_X1
mult_40_U322                    0.001534   0.0007705    0.002341   3.616e-05  XOR2_X1
mult_40_U388                    0.001132    0.001167    0.002338   3.949e-05  OAI22_X1
mult_40_U318                    0.001534   0.0007669    0.002337   3.616e-05  XOR2_X1
mult_40_U377                    0.001226    0.001068    0.002334   4.025e-05  OAI22_X1
mult_40_U350                    0.001518   0.0007776    0.002332   3.608e-05  XOR2_X1
mult_40_U386                    0.001132    0.001159     0.00233   3.949e-05  OAI22_X1
sub_0_root_sub_0_root_add_37_U3  0.0006731    0.001632    0.002317   1.222e-05  INV_X1
mult_42_U48                     0.001182    0.001069    0.002313   6.156e-05  HA_X1
mult_40_U264                    0.001311   0.0009693    0.002308   2.786e-05  AOI222_X1
mult_40_U397                    0.001041    0.001208    0.002286   3.671e-05  OAI21_X1
mult_42_U27                     0.001305   0.0008802    0.002271   8.625e-05  FA_X1
mult_40_U265                    0.001261   0.0009302    0.002269   7.793e-05  OAI222_X1
mult_40_U381                    0.001132    0.001087    0.002258   3.949e-05  OAI22_X1
mult_40_U371                     0.00113     0.00106     0.00223   4.064e-05  OAI22_X1
U96                              0.00114    0.001055    0.002225   3.117e-05  NAND2_X1
mult_41_U6                      0.001468   0.0006693    0.002211   7.319e-05  FA_X1
DOUT_reg_3_                     0.001831   0.0002892    0.002209   8.819e-05  DFFR_X1
U90                             0.001151    0.001026    0.002207    2.94e-05  NAND2_X1
DOUT_reg_1_                     0.001811   0.0003055    0.002205   8.822e-05  DFFR_X1
mult_39_U5                      0.001325   0.0007945    0.002196    7.67e-05  FA_X1
mult_40_U387                    0.001025    0.001123    0.002186   3.866e-05  XOR2_X1
mult_40_U285                   0.0008842     0.00125    0.002172   3.776e-05  OAI22_X1
mult_40_U389                    0.001026    0.001103    0.002167   3.866e-05  XOR2_X1
mult_40_U382                    0.001026    0.001097    0.002161   3.866e-05  XOR2_X1
mult_40_U287                   0.0009999    0.001124     0.00216   3.664e-05  XOR2_X1
sub_32_U2                      0.0003571    0.001789    0.002159   1.218e-05  INV_X1
DOUT_reg_2_                     0.001781   0.0002882    0.002158   8.823e-05  DFFR_X1
mult_40_U383                    0.001026    0.001086    0.002151   3.866e-05  XOR2_X1
mult_40_U392                    0.001027    0.001075     0.00214   3.866e-05  XOR2_X1
mult_40_U380                    0.001027    0.001074    0.002139   3.866e-05  XOR2_X1
mult_40_U391                    0.001027     0.00107    0.002135   3.866e-05  XOR2_X1
mult_40_U372                    0.001027    0.001064     0.00213   3.866e-05  XOR2_X1
mult_42_U147                   0.0008799    0.001226    0.002126   1.947e-05  NAND2_X1
mult_40_U379                    0.001133   0.0009529    0.002125   3.949e-05  OAI22_X1
mult_40_U280                   0.0007642    0.001316    0.002111   3.047e-05  NAND2_X1
mult_41_U8                      0.001212   0.0007888    0.002072   7.067e-05  FA_X1
mult_40_U341                    0.001013    0.001002    0.002054   3.937e-05  OAI22_X1
mult_40_U301                    0.001254   0.0007558    0.002044   3.438e-05  XOR2_X1
sub_32_U3                      0.0007548    0.001254    0.002044   3.435e-05  XNOR2_X1
mult_40_U345                   0.0009479    0.001052    0.002043   4.221e-05  OAI22_X1
mult_40_U357                    0.001044   0.0009436    0.002027   3.937e-05  OAI22_X1
mult_40_U349                    0.001044   0.0009391    0.002022   3.937e-05  OAI22_X1
mult_41_U7                      0.001335    0.000578    0.001992   7.846e-05  FA_X1
mult_40_U233                    0.000603    0.001371    0.001986   1.143e-05  INV_X1
DOUT_reg_0_                     0.001638   0.0002453    0.001972   8.811e-05  DFFR_X1
mult_41_U21                     0.001143   0.0007539    0.001967   6.984e-05  FA_X1
mult_40_U291                    0.001252   0.0006771    0.001963   3.438e-05  XOR2_X1
mult_40_U293                    0.001252   0.0006696    0.001956   3.438e-05  XOR2_X1
mult_40_U281                   0.0008711     0.00106    0.001955   2.419e-05  AOI22_X1
mult_40_U283                   0.0008443    0.001083    0.001951   2.419e-05  AOI22_X1
mult_40_U312                    0.001163   0.0007535    0.001947   3.068e-05  XNOR2_X1
mult_40_U289                    0.001251   0.0006518    0.001937   3.438e-05  XOR2_X1
mult_42_U51                      0.00127    0.000614     0.00193   4.532e-05  HA_X1
mult_40_U343                   0.0009367   0.0009452    0.001922   4.049e-05  OAI22_X1
mult_42_U29                     0.001159   0.0007048     0.00192   5.636e-05  FA_X1
mult_40_U261                    0.001074   0.0007663    0.001914   7.404e-05  OAI222_X1
DOUT_reg_4_                      0.00162   0.0001758    0.001884   8.822e-05  DFFR_X1
sub_0_root_sub_0_root_add_37_U2  0.0007664    0.001101    0.001883   1.515e-05  NAND2_X1
mult_40_U263                   0.0009779   0.0008209    0.001871   7.175e-05  OAI222_X1
mult_40_U230                   0.0005821    0.001265     0.00186   1.297e-05  INV_X1
mult_40_U237                   0.0003727    0.001469    0.001859   1.769e-05  INV_X1
mult_40_U373                    0.000941   0.0008746    0.001857   4.142e-05  OAI22_X1
mult_40_U363                   0.0008906   0.0009248    0.001853   3.776e-05  OAI22_X1
mult_40_U347                   0.0009513   0.0008556    0.001849   4.221e-05  OAI22_X1
sub_0_root_sub_0_root_add_37_U1  0.0007427    0.001087    0.001842   1.222e-05  INV_X1
mult_42_U47                      0.00108   0.0007072     0.00184   5.301e-05  FA_X1
mult_40_U375                   0.0009412   0.0008495    0.001832   4.142e-05  OAI22_X1
mult_42_U45                     0.001246   0.0005235    0.001831   6.076e-05  HA_X1
mult_42_U197                   0.0008918   0.0009083    0.001819   1.947e-05  NAND2_X1
mult_41_U36                      0.00104   0.0006991    0.001807   6.863e-05  FA_X1
DOUT_reg_6_                     0.001655     5.9e-05    0.001802   8.822e-05  DFFR_X1
mult_40_U359                   0.0008918   0.0008691    0.001799   3.776e-05  OAI22_X1
mult_40_U355                   0.0009391   0.0008187    0.001798   4.049e-05  OAI22_X1
mult_41_U30                     0.001026   0.0006953    0.001795   7.405e-05  FA_X1
mult_39_U7                     0.0009897   0.0007325     0.00179   6.777e-05  FA_X1
mult_40_U228                   0.0005555    0.001222    0.001789   1.143e-05  INV_X1
mult_42_U182                   0.0008933   0.0008645    0.001777   1.947e-05  NAND2_X1
mult_40_U267                   0.0009115   0.0007809    0.001771   7.878e-05  OAI222_X1
mult_40_U329                   0.0008516   0.0008693    0.001765   4.379e-05  OAI22_X1
mult_40_U333                    0.000826   0.0008957    0.001764   4.191e-05  OAI22_X1
mult_40_U313                   0.0008795   0.0008399    0.001763   4.379e-05  OAI22_X1
mult_40_U351                   0.0008925   0.0008305    0.001761   3.776e-05  OAI22_X1
mult_40_U331                   0.0008264   0.0008858    0.001754   4.191e-05  OAI22_X1
mult_40_U323                   0.0008262   0.0008822     0.00175   4.191e-05  OAI22_X1
mult_40_U361                   0.0008929   0.0008132    0.001744   3.776e-05  OAI22_X1
mult_40_U325                   0.0008264   0.0008698    0.001738   4.191e-05  OAI22_X1
mult_40_U353                    0.000893   0.0008058    0.001737   3.776e-05  OAI22_X1
mult_40_U232                   0.0005221     0.00119    0.001725   1.256e-05  INV_X1
w1_reg_out_reg_7_               0.001518   0.0001122    0.001718   8.821e-05  DFFR_X1
mult_42_U203                   0.0005828    0.001105    0.001707   1.946e-05  NOR2_X1
mult_42_U166                    0.001076    0.000595    0.001703   3.274e-05  XNOR2_X1
w1_reg_out_reg_6_               0.001518   9.656e-05    0.001703   8.824e-05  DFFR_X1
mult_40_U334                   0.0007691   0.0008738    0.001683   4.019e-05  XOR2_X1
DOUT_reg_5_                     0.001509   5.737e-05    0.001654   8.822e-05  DFFR_X1
mult_41_U25                    0.0009574   0.0006244    0.001651   6.939e-05  FA_X1
mult_40_U327                   0.0007692   0.0008242    0.001638   4.423e-05  OAI22_X1
w1_reg_out_reg_5_               0.001428   0.0001142    0.001631   8.818e-05  DFFR_X1
mult_40_U308                   0.0008209   0.0007714     0.00163   3.785e-05  OAI22_X1
mult_40_U316                   0.0007721   0.0008141    0.001626   4.019e-05  XOR2_X1
mult_40_U300                   0.0008209   0.0007633    0.001622   3.755e-05  OAI22_X1
mult_42_U200                   0.0007357   0.0008676    0.001621   1.792e-05  NOR2_X1
mult_40_U332                   0.0007725   0.0008048    0.001617   4.019e-05  XOR2_X1
mult_40_U370                    0.001016   0.0005614    0.001614   3.664e-05  XOR2_X1
mult_42_U44                    0.0009252   0.0006289     0.00161   5.608e-05  FA_X1
mult_40_U292                   0.0008207    0.000748    0.001606   3.755e-05  OAI22_X1
mult_40_U396                    0.001126   0.0004453    0.001606   3.431e-05  XOR2_X1
mult_40_U321                   0.0008543   0.0007074    0.001606   4.379e-05  OAI22_X1
mult_41_U145                    0.001053    0.000504    0.001592   3.511e-05  XOR2_X1
mult_40_U328                   0.0007739   0.0007761     0.00159   4.019e-05  XOR2_X1
w1_reg_out_reg_0_               0.001372   0.0001154    0.001576   8.815e-05  DFFR_X1
mult_40_U324                   0.0007747   0.0007603    0.001575   4.019e-05  XOR2_X1
mult_40_U271                   0.0008691   0.0006317    0.001573   7.264e-05  OAI222_X1
w1_reg_out_reg_3_               0.001385   9.608e-05    0.001569   8.816e-05  DFFR_X1
mult_40_U326                   0.0007756   0.0007423    0.001558   4.019e-05  XOR2_X1
mult_40_U335                   0.0007756   0.0007415    0.001557   4.019e-05  XOR2_X1
mult_42_U181                   0.0005835   0.0009475     0.00155   1.946e-05  NOR2_X1
mult_40_U266                   0.0008699   0.0006482     0.00155   3.154e-05  AOI222_X1
w1_reg_out_reg_2_               0.001343   0.0001181    0.001549   8.816e-05  DFFR_X1
FE_RC_3_0                      0.0007575   0.0007695    0.001549   2.219e-05  OAI21_X1
mult_42_U196                   0.0005835   0.0009454    0.001548   1.946e-05  NOR2_X1
mult_42_U133                   0.0002791     0.00125    0.001542   1.359e-05  INV_X1
w1_reg_out_reg_4_               0.001357   9.525e-05    0.001541   8.817e-05  DFFR_X1
mult_40_U248                   0.0004616    0.001054    0.001528   1.231e-05  INV_X1
mult_40_U362                   0.0007014   0.0007815    0.001523   4.005e-05  XOR2_X1
mult_40_U365                   0.0007016   0.0007748    0.001516   4.005e-05  XOR2_X1
mult_40_U354                   0.0007014   0.0007748    0.001516   4.005e-05  XOR2_X1
mult_40_U360                   0.0007016   0.0007732    0.001515   4.005e-05  XOR2_X1
mult_40_U352                   0.0007015    0.000772    0.001514   4.005e-05  XOR2_X1
mult_40_U356                   0.0007016   0.0007678    0.001509   4.005e-05  XOR2_X1
mult_40_U344                   0.0007006   0.0007686    0.001509   4.005e-05  XOR2_X1
mult_40_U317                   0.0006828   0.0007799    0.001509   4.615e-05  OAI22_X1
w1_reg_out_reg_1_               0.001319   9.715e-05    0.001504   8.823e-05  DFFR_X1
mult_40_U364                   0.0007019   0.0007577      0.0015   4.005e-05  XOR2_X1
mult_40_U367                   0.0007019   0.0007568    0.001499   4.005e-05  XOR2_X1
mult_40_U227                   0.0004519     0.00103    0.001493   1.131e-05  INV_X1
mult_40_U294                   0.0007238   0.0007299    0.001492   3.785e-05  OAI22_X1
mult_40_U284                   0.0006871   0.0007628    0.001485   3.511e-05  XOR2_X1
mult_41_U146                   0.0009898   0.0004613    0.001484   3.276e-05  XNOR2_X1
mult_42_U50                     0.001129    0.000294    0.001469   4.569e-05  HA_X1
mult_40_U272                   0.0007228   0.0007247    0.001465   1.743e-05  AOI21_X1
mult_40_U302                   0.0007241   0.0006987    0.001461   3.785e-05  OAI22_X1
mult_40_U339                   0.0006878   0.0007349    0.001458   3.511e-05  XOR2_X1
mult_42_U202                   0.0006433   0.0007852    0.001446   1.794e-05  NOR2_X1
U75                              0.00101   0.0004071    0.001441   2.373e-05  OAI21_X1
mult_42_U161                   0.0008313   0.0005716    0.001438    3.53e-05  AOI222_X1
mult_40_U304                   0.0007243   0.0006739    0.001436   3.785e-05  OAI22_X1
mult_40_U296                   0.0007243   0.0006718    0.001434   3.785e-05  OAI22_X1
mult_41_U37                    0.0008188   0.0005454    0.001434   6.948e-05  FA_X1
mult_40_U298                   0.0007303   0.0006649    0.001432   3.711e-05  OAI22_X1
mult_40_U306                   0.0007246   0.0006682    0.001431   3.785e-05  OAI22_X1
mult_40_U315                   0.0007734   0.0006105    0.001428   4.423e-05  OAI22_X1
mult_40_U393                   0.0006807   0.0006986    0.001416   3.673e-05  OAI21_X1
mult_40_U236                   0.0002706    0.001122     0.00141   1.736e-05  INV_X1
mult_39_U17                    0.0008038   0.0005327    0.001405   6.826e-05  FA_X1
U74                             0.000791   0.0005814    0.001403   3.009e-05  NAND2_X1
U73                            0.0009824   0.0003798    0.001388   2.573e-05  OAI21_X1
mult_40_U307                   0.0005707   0.0007754    0.001383   3.713e-05  XOR2_X1
mult_40_U269                   0.0007433   0.0005632    0.001383   7.608e-05  OAI222_X1
mult_40_U398                   0.0008267   0.0005226    0.001372   2.275e-05  NAND3_X1
mult_39_U6                     0.0007854   0.0005255    0.001371   6.029e-05  FA_X1
U76                            0.0006767    0.000662    0.001369   3.069e-05  NAND2_X1
FE_RC_1_0                      0.0006724   0.0006628    0.001359   2.353e-05  OAI21_X1
mult_42_U46                    0.0007885   0.0005107    0.001354   5.456e-05  FA_X1
mult_40_U270                   0.0007387   0.0005853    0.001352   2.782e-05  AOI222_X1
mult_42_U195                   0.0004842   0.0008365     0.00134   1.931e-05  NOR2_X1
w2_reg_out_reg_2_              0.0009291   0.0003164    0.001334   8.816e-05  DFFR_X1
mult_42_U201                   0.0005244   0.0007905    0.001333   1.798e-05  NOR2_X1
mult_40_U305                   0.0005715    0.000722    0.001331   3.713e-05  XOR2_X1
mult_40_U338                   0.0009812   0.0003153     0.00133   3.398e-05  XOR2_X1
mult_40_U319                   0.0006863   0.0005899    0.001322   4.615e-05  OAI22_X1
mult_40_U297                   0.0005715    0.000709    0.001318   3.713e-05  XOR2_X1
mult_40_U303                   0.0005718   0.0007045    0.001313   3.713e-05  XOR2_X1
mult_39_U126                   0.0009331   0.0003432     0.00131   3.417e-05  XNOR2_X1
w2_reg_out_reg_7_              0.0008375   0.0003798    0.001305   8.819e-05  DFFR_X1
sub_0_root_sub_0_root_add_37_U4  0.0006192   0.0006669    0.001301   1.456e-05  INV_X1
mult_42_U180                   0.0004859   0.0007938    0.001299   1.931e-05  NOR2_X1
mult_39_U24                    0.0007188   0.0005146    0.001289   5.577e-05  FA_X1
mult_40_U400                   0.0009302   0.0003206    0.001287   3.635e-05  XOR2_X1
mult_41_U38                    0.0007281   0.0004827    0.001286   7.489e-05  FA_X1
mult_41_U18                    0.0007215   0.0004957    0.001284   6.671e-05  FA_X1
mult_41_U31                    0.0007523   0.0004524    0.001276   7.155e-05  FA_X1
mult_42_U178                   0.0006156   0.0006382    0.001273   1.931e-05  NOR2_X1
mult_40_U254                   0.0003861   0.0008623    0.001263   1.443e-05  INV_X1
mult_42_U193                   0.0006163    0.000627    0.001263   1.931e-05  NOR2_X1
mult_40_U295                   0.0005724   0.0006528    0.001262   3.713e-05  XOR2_X1
mult_40_U299                   0.0005724   0.0006514    0.001261   3.713e-05  XOR2_X1
mult_40_U309                   0.0005727   0.0006441    0.001254   3.713e-05  XOR2_X1
add_1_root_sub_0_root_add_37_U1  0.0007122   0.0005146    0.001252   2.491e-05  AND2_X1
mult_40_U290                   0.0006018   0.0006108    0.001249   3.682e-05  OAI22_X1
mult_42_U49                    0.0009144    0.000271    0.001241   5.608e-05  FA_X1
mult_40_U251                   0.0003952   0.0008344    0.001241   1.181e-05  INV_X1
mult_41_U23                    0.0006962   0.0004522    0.001227   7.808e-05  FA_X1
w2_reg_out_reg_0_              0.0009491    0.000182    0.001219   8.813e-05  DFFR_X1
mult_40_U253                   0.0003617   0.0008381    0.001217   1.727e-05  INV_X1
mult_41_U32                    0.0006834   0.0004509    0.001213   7.857e-05  FA_X1
DIN1_reg_out_reg_0_            0.0009093   0.0002092    0.001207   8.822e-05  DFFR_X1
DIN1_reg_out_reg_6_            0.0008408   0.0002772    0.001206   8.822e-05  DFFR_X1
mult_42_U123                   0.0003693   0.0008222    0.001203   1.139e-05  INV_X1
mult_40_U288                   0.0006021   0.0005552    0.001194   3.682e-05  OAI22_X1
DIN1_reg_out_reg_1_            0.0009087   0.0001924    0.001189   8.822e-05  DFFR_X1
DIN1_reg_out_reg_4_            0.0009085   0.0001899    0.001187   8.822e-05  DFFR_X1
mult_42_U199                   0.0005241    0.000639    0.001181   1.834e-05  NOR2_X1
mult_41_U141                   0.0007264   0.0004018    0.001175   4.631e-05  XOR2_X1
FE_RC_2_0                      0.0007185   0.0004127    0.001168   3.631e-05  AOI21_X1
w2_reg_out_reg_5_              0.0009043   0.0001683    0.001161   8.816e-05  DFFR_X1
mult_42_U194                   0.0003733   0.0007576     0.00115   1.933e-05  NOR2_X1
DIN1_reg_out_reg_5_            0.0008782   0.0001814    0.001148   8.822e-05  DFFR_X1
mult_40_U342                   0.0006809   0.0004304    0.001147   3.524e-05  XOR2_X1
mult_41_U16                    0.0006633   0.0003992    0.001141   7.826e-05  FA_X1
mult_40_U314                   0.0006954   0.0004078    0.001138   3.511e-05  XOR2_X1
mult_40_U277                   0.0005832   0.0005116    0.001136   4.091e-05  OAI22_X1
w2_reg_out_reg_6_              0.0008117   0.0002071    0.001107   8.822e-05  DFFR_X1
DIN1_reg_out_reg_3_            0.0008474   0.0001704    0.001106   8.822e-05  DFFR_X1
DIN1_reg_out_reg_2_            0.0008473   0.0001676    0.001103   8.822e-05  DFFR_X1
mult_42_U179                   0.0003736   0.0007101    0.001103   1.933e-05  NOR2_X1
mult_42_U198                   0.0005291   0.0005487    0.001096   1.781e-05  NOR2_X1
mult_41_U27                      0.00063   0.0003985    0.001094   6.521e-05  FA_X1
mult_42_U162                    0.000555   0.0004586    0.001081   6.694e-05  OAI222_X1
w2_reg_out_reg_3_              0.0008319   0.0001568    0.001077   8.816e-05  DFFR_X1
w2_reg_out_reg_1_              0.0008299   0.0001571    0.001075   8.823e-05  DFFR_X1
mult_39_U8                     0.0005269   0.0004858    0.001072   5.882e-05  FA_X1
sub_32_U10                     0.0002845   0.0007709    0.001067   1.218e-05  INV_X1
mult_40_U249                   0.0004999   0.0005528    0.001067   1.405e-05  INV_X1
mult_42_U168                    0.000362   0.0006704    0.001062    2.99e-05  NAND2_X1
w2_reg_out_reg_4_              0.0008189   0.0001494    0.001056   8.817e-05  DFFR_X1
mult_42_U191                   0.0003907   0.0006441    0.001054   1.947e-05  NOR2_X1
mult_41_U42                      0.00067   0.0002973    0.001036   6.835e-05  FA_X1
mult_42_U160                   0.0005286   0.0004296    0.001034   7.538e-05  OAI222_X1
mult_41_U26                    0.0005612   0.0003934    0.001026   7.179e-05  FA_X1
U77                            0.0007061   0.0002917    0.001026   2.779e-05  OAI21_X1
mult_40_U252                    0.000352   0.0006604    0.001024   1.181e-05  INV_X1
mult_42_U190                   0.0004234   0.0005747    0.001017   1.926e-05  NOR2_X1
mult_42_U176                   0.0003922   0.0006032    0.001015   1.947e-05  NOR2_X1
mult_42_U167                   0.0003894   0.0005989    0.001012    2.36e-05  NAND2_X1
mult_40_U231                   0.0003035    0.000687    0.001002   1.135e-05  INV_X1
mult_39_U125                    0.000418   0.0005425    0.000999   3.852e-05  XOR2_X1
mult_40_U394                   0.0007153   0.0002593   0.0009978    2.31e-05  OR3_X1
U81                            0.0006852   0.0002711   0.0009842   2.797e-05  OAI21_X1
mult_40_U229                   0.0002962   0.0006729   0.0009804   1.131e-05  INV_X1
mult_42_U192                   0.0002944   0.0006638   0.0009775   1.931e-05  NOR2_X1
mult_41_U33                    0.0005921   0.0003042   0.0009708   7.462e-05  FA_X1
sub_32_U8                      0.0002828   0.0006743   0.0009692   1.218e-05  INV_X1
U82                            0.0005337   0.0003888   0.0009519   2.944e-05  NAND2_X1
mult_40_U238                   0.0004883   0.0004516   0.0009513   1.135e-05  INV_X1
mult_39_U18                    0.0005504   0.0003197   0.0009474   7.733e-05  FA_X1
mult_39_U35                    0.0005983   0.0002752   0.0009435   6.998e-05  FA_X1
U79                             0.000648    0.000261   0.0009366   2.756e-05  OAI21_X1
mult_42_U177                   0.0002944   0.0006217   0.0009354   1.931e-05  NOR2_X1
mult_39_U15                    0.0005112   0.0003428   0.0009306   7.661e-05  FA_X1
mult_41_U19                    0.0005583    0.000294   0.0009281   7.578e-05  FA_X1
mult_39_U36                    0.0005536   0.0003062   0.0009227    6.29e-05  FA_X1
mult_39_U20                    0.0004901   0.0003343   0.0009092   8.479e-05  FA_X1
U78                            0.0004835   0.0003925   0.0009055   2.949e-05  NAND2_X1
sub_32_U9                       0.000257   0.0006044   0.0008736   1.218e-05  INV_X1
mult_39_U26                    0.0004957   0.0003046   0.0008647    6.44e-05  FA_X1
U85                            0.0005793    0.000244    0.000847   2.371e-05  OAI21_X1
mult_41_U17                     0.000479   0.0002784   0.0008351   7.771e-05  FA_X1
U80                            0.0004294   0.0003741   0.0008332   2.961e-05  NAND2_X1
mult_42_U125                   0.0002439   0.0005403   0.0007975   1.334e-05  INV_X1
mult_41_U44                    0.0004239   0.0003107   0.0007958   6.116e-05  FA_X1
mult_42_U126                   0.0002426   0.0005388    0.000795   1.359e-05  INV_X1
mult_39_U30                    0.0004265   0.0003028   0.0007921   6.286e-05  FA_X1
VOUT_reg                       0.0006895   3.434e-06    0.000784   9.107e-05  DFFR_X1
U87                            0.0005231   0.0002188   0.0007713   2.949e-05  OAI21_X1
mult_40_U250                   0.0003609   0.0003823   0.0007569   1.359e-05  INV_X1
U83                            0.0005154   0.0002122   0.0007556   2.797e-05  OAI21_X1
FE_RC_0_0                      0.0004468    0.000268   0.0007485   3.367e-05  AOI21_X1
U86                            0.0003868   0.0003277   0.0007452   3.075e-05  NAND2_X1
U88                            0.0003541   0.0003323   0.0007155   2.908e-05  NAND2_X1
mult_40_U246                   0.0002065   0.0004944   0.0007119   1.093e-05  INV_X1
sub_32_U7                       0.000209   0.0004831   0.0007043   1.214e-05  INV_X1
mult_41_U20                    0.0003891   0.0002275   0.0006946   7.798e-05  FA_X1
U84                            0.0003736   0.0002843   0.0006874   2.944e-05  NAND2_X1
sub_32_U5                      0.0001903   0.0004786    0.000681   1.218e-05  INV_X1
mult_39_U27                    0.0003887    0.000218   0.0006736   6.696e-05  FA_X1
mult_39_U21                    0.0003796   0.0002175   0.0006649   6.779e-05  FA_X1
mult_40_U273                   0.0003967   0.0002426   0.0006641    2.48e-05  NOR3_X1
mult_39_U25                    0.0003512   0.0002126   0.0006488   8.498e-05  FA_X1
mult_40_U234                   0.0001866   0.0004483   0.0006454   1.052e-05  INV_X1
mult_39_U19                    0.0003492   0.0002164   0.0006364   7.091e-05  FA_X1
mult_39_U23                    0.0003243   0.0002202   0.0006145   6.998e-05  FA_X1
mult_41_U28                    0.0003033   0.0002269    0.000602   7.183e-05  FA_X1
mult_39_U16                    0.0003289   0.0001905   0.0005953   7.585e-05  FA_X1
mult_40_U247                   0.0001739    0.000396   0.0005813   1.135e-05  INV_X1
mult_41_U45                    0.0003208   0.0001988    0.000581   6.139e-05  HA_X1
mult_41_U22                    0.0003243   0.0001902   0.0005801   6.567e-05  FA_X1
mult_41_U29                    0.0003133   0.0001848   0.0005691   7.106e-05  FA_X1
mult_39_U33                    0.0003127   0.0001863   0.0005688   6.985e-05  FA_X1
mult_41_U166                   0.0002867   0.0002204   0.0005426   3.551e-05  XNOR2_X1
mult_40_U239                   0.0001924    0.000322    0.000533    1.86e-05  INV_X1
sub_32_U1                      0.0001983   0.0002917   0.0005025   1.251e-05  INV_X1
mult_41_U24                    0.0002401   0.0001685   0.0004758    6.72e-05  FA_X1
mult_41_U133                   4.774e-05   0.0003929   0.0004543   1.359e-05  INV_X1
mult_41_U47                    0.0002425   0.0001428   0.0004525   6.723e-05  FA_X1
mult_39_U31                    0.0002402   0.0001472    0.000448   6.064e-05  FA_X1
mult_39_U117                   5.032e-05   0.0003831   0.0004476   1.413e-05  INV_X1
mult_39_U116                   5.049e-05   0.0003703    0.000435   1.413e-05  INV_X1
mult_41_U48                    0.0002358   0.0001328   0.0004144   4.572e-05  HA_X1
mult_39_U118                   4.472e-05   0.0003456   0.0004044   1.409e-05  INV_X1
mult_41_U51                     0.000228   0.0001122    0.000398   5.785e-05  HA_X1
mult_39_U123                   5.056e-05    0.000331   0.0003956   1.413e-05  INV_X1
mult_39_U22                    0.0001577   0.0001372   0.0003952   0.0001004  FA_X1
sub_32_U4                      0.0001398   0.0002376   0.0003942   1.674e-05  NAND2_X1
mult_39_U44                    0.0002303   0.0001176   0.0003933   4.544e-05  HA_X1
mult_39_U38                    0.0002267    0.000101   0.0003872   5.956e-05  HA_X1
mult_41_U135                   4.228e-05   0.0003249   0.0003816   1.447e-05  INV_X1
mult_41_U132                   4.042e-05   0.0003272   0.0003813   1.368e-05  INV_X1
mult_41_U138                   5.064e-05   0.0003123   0.0003762   1.326e-05  INV_X1
mult_41_U131                   4.137e-05   0.0003209   0.0003759   1.359e-05  INV_X1
mult_41_U43                    0.0002067   0.0001159   0.0003746   5.201e-05  FA_X1
mult_39_U40                    0.0001943   0.0001172   0.0003744    6.29e-05  FA_X1
mult_39_U41                    0.0002019   0.0001115   0.0003728   5.942e-05  HA_X1
mult_39_U34                    0.0002048   0.0001207    0.000371   4.546e-05  HA_X1
mult_41_U46                    0.0001934    0.000116   0.0003647   5.532e-05  FA_X1
mult_39_U14                    0.0001517    0.000105   0.0003573   0.0001006  FA_X1
mult_41_U125                   0.0001073   0.0002343   0.0003544   1.276e-05  INV_X1
mult_41_U34                    0.0001594   0.0001297   0.0003451   5.608e-05  FA_X1
mult_39_U124                   4.789e-05   0.0002789   0.0003409   1.409e-05  INV_X1
mult_41_U140                   4.999e-05   0.0002737   0.0003373   1.359e-05  INV_X1
mult_41_U137                    4.06e-05   0.0002735   0.0003285   1.443e-05  INV_X1
mult_39_U119                   4.498e-05   0.0002669    0.000326   1.409e-05  INV_X1
mult_39_U39                    0.0001679   0.0001001   0.0003252   5.721e-05  FA_X1
mult_39_U37                    0.0001494   0.0001195   0.0003226    5.37e-05  FA_X1
mult_39_U111                   9.359e-05   0.0002054   0.0003125   1.347e-05  INV_X1
mult_39_U158                   0.0001882   9.364e-05   0.0003123   3.048e-05  XNOR2_X1
mult_39_U43                    0.0002003   5.231e-05    0.000312   5.942e-05  HA_X1
mult_39_U148                   0.0001292   0.0001137   0.0003051   6.211e-05  OAI222_X1
mult_41_U39                    0.0001615    8.43e-05   0.0003039   5.807e-05  FA_X1
mult_41_U161                   0.0001439    0.000129   0.0003034   3.056e-05  AOI222_X1
mult_41_U50                    0.0001928   4.979e-05   0.0003033   6.063e-05  HA_X1
mult_41_U162                   0.0001302   0.0001059   0.0002885   5.245e-05  OAI222_X1
mult_41_U170                   6.362e-05   0.0001914   0.0002849    2.99e-05  NAND2_X1
mult_39_U42                     0.000171   5.454e-05   0.0002848   5.923e-05  FA_X1
mult_40_U275                   0.0001746   9.737e-05   0.0002819   9.953e-06  NAND2_X1
mult_41_U163                   0.0001539    0.000106   0.0002816   2.164e-05  AOI222_X1
mult_41_U160                   0.0001026   7.996e-05   0.0002572   7.466e-05  OAI222_X1
mult_41_U49                    0.0001434   4.974e-05   0.0002509   5.775e-05  FA_X1
mult_41_U168                   6.321e-05   0.0001404   0.0002335    2.99e-05  NAND2_X1
mult_39_U141                    8.03e-05   0.0001323   0.0002307   1.815e-05  NOR2_X1
mult_41_U152                   8.341e-05   0.0001262   0.0002275   1.792e-05  NOR2_X1
mult_39_U134                   8.586e-05   0.0001231   0.0002271   1.817e-05  NOR2_X1
mult_39_U136                   8.586e-05   0.0001216   0.0002256   1.817e-05  NOR2_X1
mult_41_U154                   6.353e-05   0.0001321    0.000225   2.941e-05  NAND2_X1
mult_39_U161                   7.329e-05   0.0001316   0.0002245   1.962e-05  NAND2_X1
mult_39_U147                   8.835e-05   0.0001042    0.000224   3.151e-05  AOI222_X1
mult_39_U143                   8.026e-05   0.0001239   0.0002223   1.815e-05  NOR2_X1
mult_39_U164                   8.537e-05   0.0001183   0.0002218   1.817e-05  NOR2_X1
mult_41_U198                   8.683e-05    0.000117   0.0002216   1.777e-05  NOR2_X1
mult_41_U202                   8.343e-05    0.000118   0.0002194   1.792e-05  NOR2_X1
mult_39_U170                   8.603e-05    0.000115   0.0002192   1.817e-05  NOR2_X1
mult_39_U163                   8.537e-05    0.000115   0.0002186   1.817e-05  NOR2_X1
mult_41_U148                   8.681e-05   0.0001139   0.0002185   1.777e-05  NOR2_X1
mult_39_U142                   8.023e-05   0.0001199   0.0002183   1.815e-05  NOR2_X1
mult_41_U167                   6.993e-05   0.0001258   0.0002155   1.976e-05  NAND2_X1
mult_39_U167                   8.603e-05   0.0001101   0.0002143   1.817e-05  NOR2_X1
mult_41_U164                   8.679e-05   0.0001097   0.0002142   1.777e-05  NOR2_X1
mult_41_U156                   6.303e-05   0.0001152   0.0002081    2.99e-05  NAND2_X1
mult_41_U169                   6.516e-05   0.0001206   0.0002067   2.093e-05  NAND2_X1
mult_41_U184                   6.026e-05   0.0001254    0.000205   1.931e-05  NOR2_X1
mult_41_U147                   6.862e-05   0.0001165   0.0002045   1.931e-05  NAND2_X1
mult_41_U175                   6.862e-05    0.000115   0.0002029   1.931e-05  NAND2_X1
mult_39_U176                   7.651e-05   0.0001071   0.0002018   1.815e-05  NOR2_X1
mult_41_U149                   7.348e-05   0.0001087   0.0002005   1.832e-05  NOR2_X1
mult_41_U143                   0.0001047   6.598e-05   0.0002004   2.964e-05  AND2_X1
mult_39_U169                   8.616e-05   9.235e-05   0.0001967   1.817e-05  NOR2_X1
mult_39_U173                   7.652e-05   0.0001018   0.0001965   1.815e-05  NOR2_X1
mult_39_U137                    6.04e-05   0.0001162    0.000196    1.94e-05  NOR2_X1
mult_41_U199                   7.348e-05   0.0001039   0.0001957   1.832e-05  NOR2_X1
mult_41_U174                   5.859e-05   0.0001175   0.0001954   1.931e-05  NOR2_X1
mult_41_U187                   5.859e-05   0.0001171    0.000195   1.931e-05  NOR2_X1
mult_41_U171                   6.023e-05   0.0001149   0.0001944   1.931e-05  NOR2_X1
mult_39_U155                   7.119e-05   0.0001027   0.0001935   1.962e-05  NAND2_X1
mult_39_U153                   7.118e-05   0.0001023   0.0001931   1.962e-05  NAND2_X1
mult_41_U151                   7.049e-05   0.0001046   0.0001931   1.796e-05  NOR2_X1
mult_41_U200                   7.191e-05   0.0001023   0.0001922   1.792e-05  NOR2_X1
U110                           0.0001046    4.48e-05   0.0001919   4.254e-05  OAI22_X1
mult_41_U201                    7.05e-05   0.0001028   0.0001912   1.796e-05  NOR2_X1
U115                           0.0001185   4.681e-05   0.0001902   2.494e-05  OAI21_X1
mult_41_U157                   5.195e-05   0.0001083   0.0001901    2.99e-05  NAND2_X1
mult_41_U189                   6.865e-05   9.995e-05   0.0001879   1.931e-05  NAND2_X1
U108                           0.0001017   4.406e-05   0.0001878   4.213e-05  OAI22_X1
U113                           0.0001183   4.266e-05   0.0001859   2.494e-05  OAI21_X1
mult_41_U153                   6.966e-05    9.75e-05   0.0001855    1.83e-05  NOR2_X1
mult_41_U159                    5.97e-05   9.498e-05   0.0001846    2.99e-05  NAND2_X1
U119                           0.0001182   4.117e-05   0.0001843   2.494e-05  OAI21_X1
U105                           9.885e-05   4.322e-05   0.0001842   4.213e-05  OAI22_X1
mult_41_U127                   4.995e-05   0.0001151   0.0001802   1.511e-05  INV_X1
mult_41_U158                    5.07e-05   9.836e-05   0.0001791   3.002e-05  NAND2_X1
U121                           0.0001116   4.148e-05    0.000178   2.497e-05  OAI21_X1
mult_39_U175                   7.665e-05   8.269e-05   0.0001775   1.815e-05  NOR2_X1
mult_39_U112                   4.965e-05   0.0001133   0.0001771   1.413e-05  INV_X1
mult_41_U186                   4.953e-05   0.0001063   0.0001751   1.932e-05  NOR2_X1
mult_39_U128                   5.332e-05   0.0001024   0.0001751    1.94e-05  NOR2_X1
U111                           0.0001052   4.332e-05   0.0001735   2.497e-05  OAI21_X1
mult_39_U130                   5.331e-05   0.0001001   0.0001728    1.94e-05  NOR2_X1
U117                           0.0001052   4.251e-05   0.0001727   2.497e-05  OAI21_X1
mult_41_U188                   4.931e-05   0.0001031   0.0001718   1.945e-05  NOR2_X1
mult_41_U142                   8.575e-05   4.949e-05   0.0001717   3.648e-05  XOR2_X1
mult_39_U159                   5.475e-05   8.522e-05   0.0001714   3.138e-05  NAND2_X1
mult_39_U156                   7.073e-05   8.009e-05   0.0001704   1.962e-05  NAND2_X1
mult_41_U183                   5.174e-05   9.738e-05   0.0001686   1.946e-05  NOR2_X1
mult_41_U172                   5.062e-05   9.768e-05   0.0001676   1.931e-05  NOR2_X1
U104                           8.736e-05   3.794e-05   0.0001669   4.159e-05  OAI22_X1
mult_41_U150                   7.203e-05   7.678e-05   0.0001667   1.792e-05  NOR2_X1
U107                           8.481e-05   3.965e-05   0.0001666   4.213e-05  OAI22_X1
U109                            8.65e-05   3.806e-05   0.0001655   4.099e-05  OAI22_X1
mult_41_U155                   5.275e-05   8.069e-05   0.0001646   3.117e-05  NAND2_X1
mult_41_U173                   4.956e-05   9.511e-05    0.000164   1.932e-05  NOR2_X1
mult_41_U203                   4.931e-05   9.522e-05    0.000164   1.945e-05  NOR2_X1
U123                           0.0001027   3.623e-05   0.0001639   2.497e-05  OAI21_X1
U106                           8.289e-05   3.842e-05   0.0001633   4.202e-05  OAI22_X1
U120                           6.422e-05   6.749e-05   0.0001619    3.02e-05  NAND2_X1
U103                           8.361e-05   3.443e-05   0.0001591   4.104e-05  OAI22_X1
U122                            6.05e-05   6.544e-05   0.0001561   3.014e-05  NAND2_X1
mult_39_U109                   4.402e-05   9.755e-05   0.0001557   1.409e-05  INV_X1
U116                           6.393e-05   6.027e-05   0.0001544    3.02e-05  NAND2_X1
mult_41_U144                   6.885e-05   6.517e-05   0.0001533   1.931e-05  NAND2_X1
U114                           6.388e-05   5.841e-05   0.0001525    3.02e-05  NAND2_X1
mult_41_U123                   4.239e-05   9.413e-05    0.000151   1.447e-05  INV_X1
mult_41_U185                   5.071e-05   7.784e-05   0.0001479   1.931e-05  NOR2_X1
mult_41_U126                   4.161e-05    9.24e-05   0.0001476   1.359e-05  INV_X1
U124                           5.494e-05   6.134e-05   0.0001464   3.014e-05  NAND2_X1
U112                            5.69e-05    5.29e-05   0.0001399   3.014e-05  NAND2_X1
U118                           5.673e-05   5.295e-05   0.0001398   3.014e-05  NAND2_X1
sub_32_U6                      4.864e-05   5.549e-05   0.0001182   1.409e-05  INV_X1
mult_42_U23                            0           0    9.84e-05    9.84e-05  FA_X1
mult_39_U32                            0           0    9.84e-05    9.84e-05  FA_X1
mult_42_U33                            0           0   8.323e-05   8.323e-05  FA_X1
mult_39_U146                   5.534e-07    4.49e-07    7.52e-05    7.42e-05  OAI222_X1
mult_42_U38                            0           0   6.752e-05   6.752e-05  FA_X1
U125                           1.667e-06   1.824e-05   3.836e-05   1.845e-05  INV_X1
mult_40_U274                           0           0   3.771e-05   3.771e-05  MUX2_X1
mult_41_U165                           0           0   3.203e-05   3.203e-05  NOR4_X1
mult_42_U165                           0           0   3.135e-05   3.135e-05  NOR4_X1
mult_39_U151                           0           0   3.068e-05   3.068e-05  NOR4_X1
mult_40_U368                           0           0    2.57e-05    2.57e-05  NOR2_X1
mult_40_U340                           0           0   2.563e-05   2.563e-05  NOR2_X1
mult_42_U164                           0           0   2.543e-05   2.543e-05  NOR2_X1
mult_42_U148                           0           0   2.543e-05   2.543e-05  NOR2_X1
mult_42_U150                           0           0    2.51e-05    2.51e-05  NOR2_X1
mult_42_U152                           0           0   2.505e-05   2.505e-05  NOR2_X1
mult_42_U151                           0           0   2.495e-05   2.495e-05  NOR2_X1
mult_41_U190                           0           0   2.466e-05   2.466e-05  NOR2_X1
mult_39_U144                           0           0   2.447e-05   2.447e-05  NOR2_X1
mult_39_U140                           0           0   2.447e-05   2.447e-05  NOR2_X1
mult_39_U177                           0           0   2.447e-05   2.447e-05  NOR2_X1
mult_39_U174                           0           0   2.447e-05   2.447e-05  NOR2_X1
mult_39_U162                           0           0   2.441e-05   2.441e-05  NOR2_X1
mult_39_U165                           0           0   2.441e-05   2.441e-05  NOR2_X1
mult_39_U168                           0           0   2.441e-05   2.441e-05  NOR2_X1
mult_39_U138                           0           0   2.441e-05   2.441e-05  NOR2_X1
mult_39_U171                           0           0   2.441e-05   2.441e-05  NOR2_X1
mult_39_U135                           0           0   2.441e-05   2.441e-05  NOR2_X1
mult_41_U193                           0           0   2.414e-05   2.414e-05  NOR2_X1
mult_41_U192                           0           0   2.414e-05   2.414e-05  NOR2_X1
mult_42_U172                           0           0   2.414e-05   2.414e-05  NOR2_X1
mult_42_U171                           0           0   2.414e-05   2.414e-05  NOR2_X1
mult_41_U195                           0           0   2.414e-05   2.414e-05  NOR2_X1
mult_41_U177                           0           0   2.414e-05   2.414e-05  NOR2_X1
mult_41_U180                           0           0   2.414e-05   2.414e-05  NOR2_X1
mult_42_U184                           0           0   2.414e-05   2.414e-05  NOR2_X1
mult_42_U185                           0           0   2.414e-05   2.414e-05  NOR2_X1
mult_41_U178                           0           0   2.414e-05   2.414e-05  NOR2_X1
mult_42_U187                           0           0   2.408e-05   2.408e-05  NOR2_X1
mult_42_U174                           0           0   2.408e-05   2.408e-05  NOR2_X1
mult_41_U179                           0           0   2.401e-05   2.401e-05  NOR2_X1
mult_41_U194                           0           0   2.401e-05   2.401e-05  NOR2_X1
mult_42_U153                           0           0   2.399e-05   2.399e-05  NOR2_X1
mult_42_U186                           0           0   2.395e-05   2.395e-05  NOR2_X1
mult_42_U173                           0           0   2.395e-05   2.395e-05  NOR2_X1
mult_42_U149                           0           0   2.393e-05   2.393e-05  NOR2_X1
mult_42_U142                           0           0   2.341e-05   2.341e-05  XOR2_X1
mult_39_U131                           0           0   2.336e-05   2.336e-05  NOR2_X1
mult_39_U129                           0           0   2.336e-05   2.336e-05  NOR2_X1
mult_39_U179                           0           0   2.336e-05   2.336e-05  NOR2_X1
mult_39_U150                           0           0   2.336e-05   2.336e-05  NOR2_X1
mult_39_U133                           0           0    2.33e-05    2.33e-05  NOR2_X1
mult_41_U181                           0           0   2.284e-05   2.284e-05  NOR2_X1
mult_41_U196                           0           0   2.284e-05   2.284e-05  NOR2_X1
mult_42_U188                           0           0   2.278e-05   2.278e-05  NOR2_X1
mult_41_U191                           0           0   2.278e-05   2.278e-05  NOR2_X1
mult_41_U176                           0           0   2.278e-05   2.278e-05  NOR2_X1
mult_42_U183                           0           0   2.271e-05   2.271e-05  NOR2_X1
mult_40_U278                           0           0   2.271e-05   2.271e-05  NOR2_X1
mult_42_U163                           0           0   2.181e-05   2.181e-05  AOI222_X1
mult_39_U149                           0           0   2.083e-05   2.083e-05  AOI222_X1
mult_42_U143                           0           0   2.048e-05   2.048e-05  AND2_X1
mult_41_U129                           0           0    1.86e-05    1.86e-05  INV_X1
mult_39_U121                           0           0    1.86e-05    1.86e-05  INV_X1
mult_41_U134                           0           0    1.86e-05    1.86e-05  INV_X1
mult_41_U136                           0           0    1.86e-05    1.86e-05  INV_X1
mult_39_U113                           0           0    1.86e-05    1.86e-05  INV_X1
mult_42_U132                           0           0    1.86e-05    1.86e-05  INV_X1
mult_42_U139                           0           0    1.86e-05    1.86e-05  INV_X1
mult_39_U115                           0           0    1.86e-05    1.86e-05  INV_X1
mult_42_U137                           0           0    1.86e-05    1.86e-05  INV_X1
mult_42_U135                           0           0    1.86e-05    1.86e-05  INV_X1
mult_41_U139                           0           0    1.86e-05    1.86e-05  INV_X1
mult_42_U169                           0           0   1.443e-05   1.443e-05  NAND2_X1
mult_39_U127                           0           0   1.348e-05   1.348e-05  NAND2_X1
mult_39_U154                           0           0   1.348e-05   1.348e-05  NAND2_X1
mult_39_U152                           0           0   1.348e-05   1.348e-05  NAND2_X1
mult_39_U157                           0           0   1.348e-05   1.348e-05  NAND2_X1
mult_42_U189                           0           0   1.338e-05   1.338e-05  NAND2_X1
mult_42_U175                           0           0   1.338e-05   1.338e-05  NAND2_X1
mult_42_U144                           0           0   1.338e-05   1.338e-05  NAND2_X1
mult_41_U197                           0           0   1.328e-05   1.328e-05  NAND2_X1
mult_41_U182                           0           0   1.328e-05   1.328e-05  NAND2_X1
mult_39_U122                           0           0    1.01e-05    1.01e-05  INV_X1
mult_39_U114                           0           0    1.01e-05    1.01e-05  INV_X1
mult_39_U110                           0           0    1.01e-05    1.01e-05  INV_X1
mult_39_U120                           0           0    1.01e-05    1.01e-05  INV_X1
mult_42_U136                           0           0    1.01e-05    1.01e-05  INV_X1
mult_41_U124                           0           0    1.01e-05    1.01e-05  INV_X1
mult_42_U124                           0           0    1.01e-05    1.01e-05  INV_X1
mult_40_U255                           0           0    1.01e-05    1.01e-05  INV_X1
mult_40_U244                           0           0    1.01e-05    1.01e-05  INV_X1
mult_42_U140                           0           0    1.01e-05    1.01e-05  INV_X1
mult_41_U130                           0           0    1.01e-05    1.01e-05  INV_X1
mult_42_U138                           0           0    1.01e-05    1.01e-05  INV_X1
mult_41_U128                           0           0    1.01e-05    1.01e-05  INV_X1
mult_40_U276                           0           0   9.528e-06   9.528e-06  NAND2_X1
U126                           1.099e-06   5.973e-07   5.557e-06   3.861e-06  NAND2_X1
mult_42_U155                           0           0   3.795e-06   3.795e-06  NAND2_X1
mult_39_U172                           0           0   3.768e-06   3.768e-06  NAND2_X1
mult_39_U166                           0           0   3.768e-06   3.768e-06  NAND2_X1
mult_39_U139                           0           0   3.768e-06   3.768e-06  NAND2_X1
mult_39_U178                           0           0   3.765e-06   3.765e-06  NAND2_X1
mult_39_U132                           0           0   3.765e-06   3.765e-06  NAND2_X1
mult_39_U145                           0           0   3.765e-06   3.765e-06  NAND2_X1
mult_39_U160                           0           0   3.765e-06   3.765e-06  NAND2_X1
mult_42_U158                           0           0   3.739e-06   3.739e-06  NAND2_X1
mult_42_U159                           0           0   3.733e-06   3.733e-06  NAND2_X1
mult_42_U156                           0           0    3.73e-06    3.73e-06  NAND2_X1
mult_42_U170                           0           0    3.73e-06    3.73e-06  NAND2_X1
mult_42_U157                           0           0    3.73e-06    3.73e-06  NAND2_X1
mult_42_U154                           0           0   3.712e-06   3.712e-06  NAND2_X1

---------------------------------------------------------------------------------------

Total (    684 of    684  )       0.6418      0.5462      1.215     0.02711
Total Capacitance                3.824e-12 F
Power Density                   *** No Die Area ***
